2026-02-21 01:37:43,936 - INFO - === INICIANDO APLICATIVO ===
2026-02-21 01:37:43,936 - INFO - Obtendo caminho do banco de dados...
2026-02-21 01:37:43,936 - INFO - Modo executável - Diretório: C:\pacoteflet\dist\Graça_Presentes
2026-02-21 01:37:43,946 - INFO - Pasta database: C:\pacoteflet\dist\Graça_Presentes\database
2026-02-21 01:37:43,946 - INFO - Caminho final do banco: C:\pacoteflet\dist\Graça_Presentes\database\graca_presentes.db
2026-02-21 01:37:43,948 - INFO - Permissão de escrita OK
2026-02-21 01:37:43,983 - INFO - Criando/verificando banco de dados...
2026-02-21 01:37:44,004 - INFO - Banco de dados criado/verificado com sucesso
2026-02-21 01:37:44,005 - DEBUG - Using proactor: IocpProactor
2026-02-21 01:37:44,067 - INFO - Assets path configured: C:\pacoteflet\dist\Graça_Presentes\assets
2026-02-21 01:37:44,070 - DEBUG - Creating new PubSubHub instance
2026-02-21 01:37:44,070 - DEBUG - Creating new PubSubHub instance
2026-02-21 01:37:44,070 - INFO - Starting up TCP server on localhost:64134
2026-02-21 01:37:44,081 - INFO - Flet app has started...
2026-02-21 01:37:44,083 - INFO - App URL: tcp://localhost:64134
2026-02-21 01:37:44,083 - INFO - Starting Flet View app...
2026-02-21 01:37:44,084 - INFO - Looking for Flet executable at: C:\pacoteflet\dist\Graça_Presentes\_internal\flet_desktop\app\flet\flet.exe
2026-02-21 01:37:44,432 - DEBUG - Connected new TCP client
2026-02-21 01:37:44,433 - DEBUG - _on_message: {"action":"registerWebClient","payload":{"pageName":"","pageRoute":"/","pageWidth":"1265.3333333333333","pageHeight":"682.6666666666666","windowWidth":"1280.0","windowHeight":"720.0","windowTop":"10.0","windowLeft":"10.0","isPWA":"false","isWeb":"false","isDebug":"false","platform":"windows","platformBrightness":"light","media":"{\"padding\":{\"top\":0.0,\"right\":0.0,\"bottom\":0.0,\"left\":0.0},\"view_padding\":{\"top\":0.0,\"right\":0.0,\"bottom\":0.0,\"left\":0.0},\"view_insets\":{\"top\":0.0,\"right\":0.0,\"bottom\":0.0,\"left\":0.0}}","sessionId":""}}
2026-02-21 01:37:44,433 - DEBUG - __send: {"action":"registerWebClient","payload":{"session":{"id":"","controls":{"page":{"i":"page","t":"page","p":"","c":[],"route":"/","width":"1265.3333333333333","height":"682.6666666666666","windowwidth":"1280.0","windowheight":"720.0","windowtop":"10.0","windowleft":"10.0","pwa":"false","web":"false","debug":"false","platform":"windows","platformBrightness":"light","media":"{\"padding\":{\"top\":0.0,\"right\":0.0,\"bottom\":0.0,\"left\":0.0},\"view_padding\":{\"top\":0.0,\"right\":0.0,\"bottom\":0.0,\"left\":0.0},\"view_insets\":{\"top\":0.0,\"right\":0.0,\"bottom\":0.0,\"left\":0.0}}"}}},"error":"","appInactive":false}}
2026-02-21 01:37:44,434 - DEBUG - _process_command: get ['page', 'route'] {}
2026-02-21 01:37:44,434 - DEBUG - _process_command: get ['page', 'pwa'] {}
2026-02-21 01:37:44,434 - DEBUG - _process_command: get ['page', 'web'] {}
2026-02-21 01:37:44,434 - DEBUG - _process_command: get ['page', 'debug'] {}
2026-02-21 01:37:44,434 - DEBUG - _process_command: get ['page', 'platform'] {}
2026-02-21 01:37:44,434 - DEBUG - _process_command: get ['page', 'platformBrightness'] {}
2026-02-21 01:37:44,434 - DEBUG - _process_command: get ['page', 'media'] {}
2026-02-21 01:37:44,434 - DEBUG - _process_command: get ['page', 'width'] {}
2026-02-21 01:37:44,434 - DEBUG - _process_command: get ['page', 'height'] {}
2026-02-21 01:37:44,434 - DEBUG - _process_command: get ['page', 'windowWidth'] {}
2026-02-21 01:37:44,434 - DEBUG - _process_command: get ['page', 'windowHeight'] {}
2026-02-21 01:37:44,434 - DEBUG - _process_command: get ['page', 'windowTop'] {}
2026-02-21 01:37:44,434 - DEBUG - _process_command: get ['page', 'windowLeft'] {}
2026-02-21 01:37:44,434 - DEBUG - _process_command: get ['page', 'clientIP'] {}
2026-02-21 01:37:44,434 - DEBUG - _process_command: get ['page', 'clientUserAgent'] {}
2026-02-21 01:37:44,434 - INFO - App session started
2026-02-21 01:37:44,435 - DEBUG - sent to TCP: 629
2026-02-21 01:37:44,463 - DEBUG - _process_command: set ['page'] {'fonts': '{"Poppins":"https://fonts.googleapis.com/css2?family=Poppins:wght@400;500;600;700&display=swap"}', 'theme': '{"font_family":"Poppins","page_transitions":{},"system_overlay_style":{}}', 'thememode': 'light', 'title': 'Graça Presentes (v1.1)', 'windowmaximized': 'true'}
2026-02-21 01:37:44,464 - DEBUG - _process_command: add [] {'to': 'page', 'at': '0'}
2026-02-21 01:37:44,464 - DEBUG - _process_command: add [] {'to': 'page', 'at': '1'}
2026-02-21 01:37:44,464 - DEBUG - __send: {"action":"pageControlsBatch","payload":[{"action":"updateControlProps","payload":{"props":[{"i":"page","fonts":"{\"Poppins\":\"https://fonts.googleapis.com/css2?family=Poppins:wght@400;500;600;700&display=swap\"}","theme":"{\"font_family\":\"Poppins\",\"page_transitions\":{},\"system_overlay_style\":{}}","thememode":"light","title":"Gra\u00e7a Presentes (v1.1)","windowmaximized":"true"}]}},{"action":"addPageControls","payload":{"controls":[{"t":"view","i":"_1","p":"page","c":["_2"],"at":"0","padding":"0","scroll":"auto"},{"t":"container","i":"_2","p":"_1","c":["_3"],"gradient":"{\"colors\":[\"#E30D78\",\"#0DEA83\",\"#c8ccdedc\"],\"tile_mode\":\"clamp\",\"begin\":{\"x\":-1,\"y\":-1},\"end\":{\"x\":1,\"y\":1},\"type\":\"linear\"}","height":"110","margin":"{\"l\":0,\"t\":0,\"r\":0,\"b\":25}","padding":"{\"l\":30,\"t\":5,\"r\":30,\"b\":5}","shadow":"{\"spread_radius\":1,\"blur_radius\":20,\"color\":\"#800d47a1\",\"offset\":{\"x\":0,\"y\":6},\"blur_style\":\"normal\"}"},{"t":"row","i":"_3","p":"_2","c":["_4","_10"],"alignment":"spaceBetween","n":"content","verticalalignment":"center"},{"t":"row","i":"_4","p":"_3","c":["_5","_7"],"alignment":"start","expand":"1","verticalalignment":"center"},{"t":"container","i":"_5","p":"_4","c":["_6"],"borderradius":"10","ink":"true","onclick":"true","padding":"{\"l\":0,\"t\":0,\"r\":15,\"b\":0}"},{"t":"image","i":"_6","p":"_5","c":[],"fit":"contain","height":"150","n":"content","src":"gata.png"},{"t":"column","i":"_7","p":"_4","c":["_8","_9"],"alignment":"center","spacing":"3"},{"t":"text","i":"_8","p":"_7","c":[],"color":"white","size":"30","value":"GRA\u00c7A PRESENTES","weight":"w800"},{"t":"text","i":"_9","p":"_7","c":[],"color":"white70","size":"16","value":"Sistema de gerenciamento de produtos"},{"t":"row","i":"_10","p":"_3","c":["_11","_12"],"alignment":"end","spacing":"15"},{"t":"iconbutton","i":"_11","p":"_10","c":[],"icon":"insert_chart_outlined_sharp","iconcolor":"white","iconsize":"40","style":"{\"overlay_color\":\"#0F0904FF\",\"padding\":{\"default\":15},\"side\":{},\"shape\":{\"default\":{\"radius\":10,\"type\":\"roundedRectangle\"}},\"text_style\":{}}","tooltip":"\"Relat\\u00f3rios\""},{"t":"iconbutton","i":"_12","p":"_10","c":[],"icon":"shopping_cart_checkout_outlined","iconcolor":"white","iconsize":"40","style":"{\"overlay_color\":\"#0E7676FF\",\"padding\":{\"default\":15},\"side\":{},\"shape\":{\"default\":{\"radius\":10,\"type\":\"roundedRectangle\"}},\"text_style\":{}}","tooltip":"\"Finalizar Compra\""}],"trimIDs":[]}},{"action":"addPageControls","payload":{"controls":[{"t":"offstage","i":"_13","p":"page","c":["_14","_15"],"at":"1"},{"t":"filepicker","i":"_14","p":"_13","c":[],"upload":"[]"},{"t":"datepicker","i":"_15","p":"_13","c":[],"currentdate":"2026-02-21T01:37:43.379500","firstdate":"2025-01-01","lastdate":"2026-02-21","open":"false","value":"2026-02-21"}],"trimIDs":[]}}]}
2026-02-21 01:37:44,466 - DEBUG - _process_command: add [] {'to': '_1', 'at': '1'}
2026-02-21 01:37:44,466 - DEBUG - __send: {"action":"pageControlsBatch","payload":[{"action":"addPageControls","payload":{"controls":[{"t":"container","i":"_16","p":"_1","c":["_17"],"at":"1","padding":"20"},{"t":"column","i":"_17","p":"_16","c":["_18","_19"],"n":"content"},{"t":"text","i":"_18","p":"_17","c":[],"color":"green","size":"25"},{"t":"row","i":"_19","p":"_17","c":["_20"],"expand":"1"},{"t":"column","i":"_20","p":"_19","c":["_21","_35","_47"],"expand":"2"},{"t":"container","i":"_21","p":"_20","c":["_22"],"border":"{\"l\":{\"w\":1,\"c\":\"grey300\",\"sa\":null},\"t\":{\"w\":1,\"c\":\"grey300\",\"sa\":null},\"r\":{\"w\":1,\"c\":\"grey300\",\"sa\":null},\"b\":{\"w\":1,\"c\":\"grey300\",\"sa\":null}}","borderradius":"10","padding":"10"},{"t":"column","i":"_22","p":"_21","c":["_23","_25","_26","_30","_32"],"n":"content"},{"t":"container","i":"_23","p":"_22","c":["_24"],"padding":"10"},{"t":"text","i":"_24","p":"_23","c":[],"n":"content","size":"20","value":"Carrinho de Compras","weight":"bold"},{"t":"divider","i":"_25","p":"_22","c":[]},{"t":"row","i":"_26","p":"_22","c":["_27","_28","_29"],"spacing":"10"},{"t":"dropdown","i":"_27","p":"_26","c":[],"bordercolor":"blue700","label":"Produto","leadingicon":"shopping_bag","width":"300"},{"t":"textfield","i":"_28","p":"_26","c":[],"bordercolor":"blue700","label":"Quantidade","value":"1","width":"300"},{"t":"elevatedbutton","i":"_29","p":"_26","c":[],"icon":"add","style":"{\"color\":\"white\",\"bgcolor\":\"green700\",\"padding\":{\"default\":10},\"side\":{},\"shape\":{},\"text_style\":{}}","text":"Adicionar"},{"t":"container","i":"_30","p":"_22","c":["_31"],"border":"{\"l\":{\"w\":1,\"c\":\"grey300\",\"sa\":null},\"t\":{\"w\":1,\"c\":\"grey300\",\"sa\":null},\"r\":{\"w\":1,\"c\":\"grey300\",\"sa\":null},\"b\":{\"w\":1,\"c\":\"grey300\",\"sa\":null}}","borderradius":"5","height":"250","padding":"10"},{"t":"column","i":"_31","p":"_30","c":[],"height":"150","n":"content","scroll":"auto","spacing":"5"},{"t":"row","i":"_32","p":"_22","c":["_33","_34"],"alignment":"end","spacing":"10"},{"t":"elevatedbutton","i":"_33","p":"_32","c":[],"icon":"delete","style":"{\"color\":\"white\",\"bgcolor\":\"red700\",\"padding\":{},\"side\":{},\"shape\":{},\"text_style\":{}}","text":"Limpar"},{"t":"elevatedbutton","i":"_34","p":"_32","c":[],"icon":"check_circle_outline","style":"{\"color\":\"white\",\"bgcolor\":\"orange700\",\"padding\":{},\"side\":{},\"shape\":{},\"text_style\":{}}","text":"Finalizar"},{"t":"container","i":"_35","p":"_20","c":["_36"],"border":"{\"l\":{\"w\":1,\"c\":\"grey300\",\"sa\":null},\"t\":{\"w\":1,\"c\":\"grey300\",\"sa\":null},\"r\":{\"w\":1,\"c\":\"grey300\",\"sa\":null},\"b\":{\"w\":1,\"c\":\"grey300\",\"sa\":null}}","borderradius":"10","padding":"10"},{"t":"column","i":"_36","p":"_35","c":["_37","_38","_39","_42"],"n":"content"},{"t":"text","i":"_37","p":"_36","c":[],"size":"20","value":"Buscar Produtos","weight":"bold"},{"t":"divider","i":"_38","p":"_36","c":[]},{"t":"row","i":"_39","p":"_36","c":["_40","_41"]},{"t":"textfield","i":"_40","p":"_39","c":[],"bordercolor":"blue700","label":"Buscar Produto","suffixicon":"search","width":"300"},{"t":"elevatedbutton","i":"_41","p":"_39","c":[],"icon":"search","style":"{\"color\":\"white\",\"bgcolor\":\"blue700\",\"padding\":{},\"side\":{},\"shape\":{},\"text_style\":{}}","text":"Buscar"},{"t":"row","i":"_42","p":"_36","c":["_43","_45"],"verticalalignment":"start"},{"t":"container","i":"_43","p":"_42","c":["_44"],"border":"{\"l\":{\"w\":1,\"c\":\"grey300\",\"sa\":null},\"t\":{\"w\":1,\"c\":\"grey300\",\"sa\":null},\"r\":{\"w\":1,\"c\":\"grey300\",\"sa\":null},\"b\":{\"w\":1,\"c\":\"grey300\",\"sa\":null}}","borderradius":"5","height":"300","padding":"10","width":"450"},{"t":"column","i":"_44","p":"_43","c":[],"height":"150","n":"content","scroll":"auto","spacing":"5"},{"t":"container","i":"_45","p":"_42","c":["_46"],"alignment":"{\"x\":0,\"y\":0}","expand":"1","padding":"10"},{"t":"image","i":"_46","p":"_45","c":[],"borderradius":"{\"bl\":10,\"br\":10,\"tl\":10,\"tr\":10}","fit":"contain","height":"300","n":"content","visible":"false","width":"300"},{"t":"elevatedbutton","i":"_47","p":"_20","c":[],"height":"50","icon":"add_box","style":"{\"color\":\"white\",\"bgcolor\":\"blue700\",\"padding\":{\"default\":20},\"side\":{},\"shape\":{},\"text_style\":{}}","text":"Cadastrar Produtos","width":"200"}],"trimIDs":[]}}]}
2026-02-21 01:37:44,468 - DEBUG - _process_command: add [] {'to': '_1', 'at': '2'}
2026-02-21 01:37:44,468 - DEBUG - __send: {"action":"pageControlsBatch","payload":[{"action":"addPageControls","payload":{"controls":[{"t":"alertdialog","i":"_48","p":"_1","c":["_49","_50","_67","_68"],"at":"2","actionsalignment":"spaceEvenly","modal":"true","open":"false","shape":"{\"radius\":15,\"type\":\"roundedRectangle\"}"},{"t":"text","i":"_49","p":"_48","c":[],"color":"blue800","n":"title","size":"24","textalign":"center","value":"FINALIZAR COMPRA","weight":"bold"},{"t":"container","i":"_50","p":"_48","c":["_51"],"n":"content","padding":"{\"l\":30,\"t\":20,\"r\":30,\"b\":20}","width":"600"},{"t":"column","i":"_51","p":"_50","c":["_52","_53","_54","_55","_56","_59","_64","_66"],"horizontalalignment":"center","n":"content","scroll":"auto","tight":"true"},{"t":"text","i":"_52","p":"_51","c":[],"color":"blue700","size":"15","textalign":"center","value":"ITENS DO CARRINHO","weight":"bold"},{"t":"divider","i":"_53","p":"_51","c":[],"color":"blue100","height":"2","thickness":"2"},{"t":"column","i":"_54","p":"_51","c":[],"scroll":"auto"},{"t":"divider","i":"_55","p":"_51","c":[],"color":"blue100","height":"2","thickness":"2"},{"t":"row","i":"_56","p":"_51","c":["_57","_58"],"alignment":"center"},{"t":"text","i":"_57","p":"_56","c":[],"color":"blue700","size":"20","value":"TOTAL:","weight":"bold"},{"t":"text","i":"_58","p":"_56","c":[],"size":"25","value":"R$ 0,00","weight":"bold"},{"t":"container","i":"_59","p":"_51","c":["_60"],"padding":"{\"l\":0,\"t\":10,\"r\":0,\"b\":10}"},{"t":"dropdown","i":"_60","p":"_59","c":["_61","_62","_63"],"bordercolor":"blue700","label":"Forma de Pagamento","n":"content","value":"dinheiro"},{"t":"dropdownoption","i":"_61","p":"_60","c":[],"key":"dinheiro","text":"Dinheiro"},{"t":"dropdownoption","i":"_62","p":"_60","c":[],"key":"cartao","text":"Cart\u00e3o"},{"t":"dropdownoption","i":"_63","p":"_60","c":[],"key":"pix","text":"PIX"},{"t":"container","i":"_64","p":"_51","c":["_65"],"padding":"{\"l\":0,\"t\":0,\"r\":0,\"b\":10}"},{"t":"textfield","i":"_65","p":"_64","c":[],"bordercolor":"blue700","label":"Valor Recebido","n":"content","onchange":"true","prefixtext":"R$ ","visible":"false"},{"t":"text","i":"_66","p":"_51","c":[],"size":"25","value":"Troco: R$ 0,00","visible":"false","weight":"bold"},{"t":"textbutton","i":"_67","p":"_48","c":[],"n":"action","style":"{\"color\":\"white\",\"bgcolor\":\"green700\",\"padding\":{\"default\":{\"l\":30,\"t\":15,\"r\":30,\"b\":15}},\"side\":{},\"shape\":{\"default\":{\"radius\":10,\"type\":\"roundedRectangle\"}},\"text_style\":{}}","text":"CONFIRMAR"},{"t":"textbutton","i":"_68","p":"_48","c":[],"n":"action","style":"{\"color\":\"white\",\"bgcolor\":\"red700\",\"padding\":{\"default\":{\"l\":30,\"t\":15,\"r\":30,\"b\":15}},\"side\":{},\"shape\":{\"default\":{\"radius\":10,\"type\":\"roundedRectangle\"}},\"text_style\":{}}","text":"CANCELAR"}],"trimIDs":[]}}]}
2026-02-21 01:37:44,468 - DEBUG - sent to TCP: 2886
2026-02-21 01:37:44,470 - DEBUG - _process_command: add [] {'to': '_1', 'at': '3'}
2026-02-21 01:37:44,471 - DEBUG - __send: {"action":"pageControlsBatch","payload":[{"action":"addPageControls","payload":{"controls":[{"t":"alertdialog","i":"_69","p":"_1","c":["_70","_71","_82","_83"],"at":"3","actionsalignment":"spaceBetween","modal":"true","open":"false"},{"t":"text","i":"_70","p":"_69","c":[],"color":"blue800","n":"title","value":"Dados do Cart\u00e3o","weight":"bold"},{"t":"container","i":"_71","p":"_69","c":["_72"],"n":"content","padding":"20","width":"400"},{"t":"column","i":"_72","p":"_71","c":["_73","_74","_75","_76","_77","_81"],"n":"content","spacing":"15","tight":"true"},{"t":"text","i":"_73","p":"_72","c":[],"color":"blue800","size":"16","weight":"bold"},{"t":"divider","i":"_74","p":"_72","c":[]},{"t":"textfield","i":"_75","p":"_72","c":[],"bordercolor":"blue700","label":"Nome do Cliente","width":"400"},{"t":"text","i":"_76","p":"_72","c":[],"value":"Tipo de Opera\u00e7\u00e3o:","weight":"bold"},{"t":"radiogroup","i":"_77","p":"_72","c":["_78"],"value":"debito"},{"t":"row","i":"_78","p":"_77","c":["_79","_80"],"n":"content"},{"t":"radio","i":"_79","p":"_78","c":[],"label":"D\u00e9bito","value":"debito"},{"t":"radio","i":"_80","p":"_78","c":[],"label":"Cr\u00e9dito","value":"credito"},{"t":"textfield","i":"_81","p":"_72","c":[],"bordercolor":"blue700","disabled":"true","keyboardtype":"number","label":"Parcelas","value":"1","width":"100"},{"t":"textbutton","i":"_82","p":"_69","c":[],"n":"action","style":"{\"color\":\"white\",\"bgcolor\":\"green700\",\"padding\":{},\"side\":{},\"shape\":{},\"text_style\":{}}","text":"Confirmar"},{"t":"textbutton","i":"_83","p":"_69","c":[],"n":"action","style":"{\"color\":\"red700\",\"padding\":{},\"side\":{},\"shape\":{},\"text_style\":{}}","text":"Cancelar"}],"trimIDs":[]}}]}
2026-02-21 01:37:44,472 - DEBUG - _process_command: add [] {'to': '_1', 'at': '4'}
2026-02-21 01:37:44,473 - DEBUG - __send: {"action":"pageControlsBatch","payload":[{"action":"addPageControls","payload":{"controls":[{"t":"alertdialog","i":"_84","p":"_1","c":["_85","_86"],"at":"4","actionsalignment":"end","modal":"true","open":"false"},{"t":"text","i":"_85","p":"_84","c":[],"n":"title"},{"t":"container","i":"_86","p":"_84","c":[],"n":"content"}],"trimIDs":[]}}]}
2026-02-21 01:37:44,473 - DEBUG - sent to TCP: 4355
2026-02-21 01:37:44,473 - DEBUG - sent to TCP: 2839
2026-02-21 01:37:44,473 - DEBUG - sent to TCP: 1729
2026-02-21 01:37:44,473 - DEBUG - sent to TCP: 345
2026-02-21 01:37:44,476 - INFO - Busca realizada - 0 produtos encontrados
2026-02-21 01:37:44,485 - INFO - Busca realizada - 0 produtos encontrados
2026-02-21 01:37:44,499 - DEBUG - _on_message: {"action":"pageEventFromWeb","payload":{"eventTarget":"page","eventName":"error","eventData":"PathNotFoundException: Cannot retrieve length of file, path = 'C:\\pacoteflet\\dist\\Graça_Presentes\\assets\\gata.png' (OS Error: O sistema não pode encontrar o caminho especificado.\r\n, errno = 3)"}}
2026-02-21 01:37:44,500 - DEBUG - page.on_event_async: page error PathNotFoundException: Cannot retrieve length of file, path = 'C:\pacoteflet\dist\Graça_Presentes\assets\gata.png' (OS Error: O sistema não pode encontrar o caminho especificado.
, errno = 3)
2026-02-21 01:37:44,576 - DEBUG - _on_message: {"action":"updateControlProps","payload":{"props":[{"i":"page","windowwidth":"1294.6666666666667","windowheight":"686.6666666666666","windowtop":"-7.333333333333333","windowleft":"-7.333333333333333","windowminimized":"false","windowmaximized":"true","windowfocused":"true","windowfullscreen":"false"}]}}
2026-02-21 01:37:44,576 - DEBUG - page.on_event_async: page change [{"i":"page","windowwidth":"1294.6666666666667","windowheight":"686.6666666666666","windowtop":"-7.333333333333333","windowleft":"-7.333333333333333","windowminimized":"false","windowmaximized":"true","windowfocused":"true","windowfullscreen":"false"}]
2026-02-21 01:37:44,576 - DEBUG - _on_message: {"action":"pageEventFromWeb","payload":{"eventTarget":"page","eventName":"window_event","eventData":"maximize"}}
2026-02-21 01:37:44,576 - DEBUG - page.on_event_async: page window_event maximize
2026-02-21 01:37:44,769 - DEBUG - _on_message: {"action":"updateControlProps","payload":{"props":[{"i":"page","width":"1280.0","height":"649.3333333333334","windowwidth":"1294.6666666666667","windowheight":"686.6666666666666","windowtop":"-7.333333333333333","windowleft":"-7.333333333333333","windowminimized":"false","windowmaximized":"true","windowfocused":"true","windowfullscreen":"false"}]}}
2026-02-21 01:37:44,770 - DEBUG - page.on_event_async: page change [{"i":"page","width":"1280.0","height":"649.3333333333334","windowwidth":"1294.6666666666667","windowheight":"686.6666666666666","windowtop":"-7.333333333333333","windowleft":"-7.333333333333333","windowminimized":"false","windowmaximized":"true","windowfocused":"true","windowfullscreen":"false"}]
2026-02-21 01:37:44,770 - DEBUG - _on_message: {"action":"pageEventFromWeb","payload":{"eventTarget":"page","eventName":"resized","eventData":"{\"width\":1280.0,\"height\":649.3333333333334}"}}
2026-02-21 01:37:44,770 - DEBUG - page.on_event_async: page resized {"width":1280.0,"height":649.3333333333334}
2026-02-21 01:39:03,675 - DEBUG - _on_message: {"action":"pageEventFromWeb","payload":{"eventTarget":"page","eventName":"app_lifecycle_state_change","eventData":"inactive"}}
2026-02-21 01:39:03,675 - DEBUG - page.on_event_async: page app_lifecycle_state_change inactive
2026-02-21 01:39:03,685 - DEBUG - _on_message: {"action":"updateControlProps","payload":{"props":[{"i":"page","windowwidth":"158.0","windowheight":"26.0","windowtop":"-21333.333333333332","windowleft":"-21333.333333333332","windowminimized":"true","windowmaximized":"false","windowfocused":"false","windowfullscreen":"false"}]}}
2026-02-21 01:39:03,685 - DEBUG - page.on_event_async: page change [{"i":"page","windowwidth":"158.0","windowheight":"26.0","windowtop":"-21333.333333333332","windowleft":"-21333.333333333332","windowminimized":"true","windowmaximized":"false","windowfocused":"false","windowfullscreen":"false"}]
2026-02-21 01:39:03,692 - DEBUG - _on_message: {"action":"pageEventFromWeb","payload":{"eventTarget":"page","eventName":"window_event","eventData":"minimize"}}
2026-02-21 01:39:03,693 - DEBUG - page.on_event_async: page window_event minimize
2026-02-21 01:39:03,693 - DEBUG - _on_message: {"action":"updateControlProps","payload":{"props":[{"i":"page","windowwidth":"158.0","windowheight":"26.0","windowtop":"-21333.333333333332","windowleft":"-21333.333333333332","windowminimized":"true","windowmaximized":"false","windowfocused":"false","windowfullscreen":"false"}]}}
2026-02-21 01:39:03,693 - DEBUG - _on_message: {"action":"pageEventFromWeb","payload":{"eventTarget":"page","eventName":"window_event","eventData":"blur"}}
2026-02-21 01:39:03,693 - DEBUG - page.on_event_async: page change [{"i":"page","windowwidth":"158.0","windowheight":"26.0","windowtop":"-21333.333333333332","windowleft":"-21333.333333333332","windowminimized":"true","windowmaximized":"false","windowfocused":"false","windowfullscreen":"false"}]
2026-02-21 01:39:03,693 - DEBUG - page.on_event_async: page window_event blur
2026-02-21 01:39:03,697 - DEBUG - _on_message: {"action":"updateControlProps","payload":{"props":[{"i":"page","windowwidth":"158.0","windowheight":"26.0","windowtop":"-21333.333333333332","windowleft":"-21333.333333333332","windowminimized":"true","windowmaximized":"false","windowfocused":"false","windowfullscreen":"false"}]}}
2026-02-21 01:39:03,697 - DEBUG - page.on_event_async: page change [{"i":"page","windowwidth":"158.0","windowheight":"26.0","windowtop":"-21333.333333333332","windowleft":"-21333.333333333332","windowminimized":"true","windowmaximized":"false","windowfocused":"false","windowfullscreen":"false"}]
2026-02-21 01:39:03,697 - DEBUG - _on_message: {"action":"pageEventFromWeb","payload":{"eventTarget":"page","eventName":"window_event","eventData":"focus"}}
2026-02-21 01:39:03,697 - DEBUG - page.on_event_async: page window_event focus
2026-02-21 01:52:25,383 - DEBUG - _on_message: {"action":"pageEventFromWeb","payload":{"eventTarget":"page","eventName":"app_lifecycle_state_change","eventData":"resume"}}
2026-02-21 01:52:25,384 - DEBUG - page.on_event_async: page app_lifecycle_state_change resume
2026-02-21 01:52:25,385 - DEBUG - _on_message: {"action":"updateControlProps","payload":{"props":[{"i":"page","windowwidth":"1294.6666666666667","windowheight":"686.6666666666666","windowtop":"-7.333333333333333","windowleft":"-7.333333333333333","windowminimized":"false","windowmaximized":"false","windowfocused":"true","windowfullscreen":"false"}]}}
2026-02-21 01:52:25,385 - DEBUG - page.on_event_async: page change [{"i":"page","windowwidth":"1294.6666666666667","windowheight":"686.6666666666666","windowtop":"-7.333333333333333","windowleft":"-7.333333333333333","windowminimized":"false","windowmaximized":"false","windowfocused":"true","windowfullscreen":"false"}]
2026-02-21 01:52:25,386 - DEBUG - _on_message: {"action":"pageEventFromWeb","payload":{"eventTarget":"page","eventName":"window_event","eventData":"focus"}}
2026-02-21 01:52:25,386 - DEBUG - page.on_event_async: page window_event focus
2026-02-21 01:52:25,387 - DEBUG - _on_message: {"action":"updateControlProps","payload":{"props":[{"i":"page","windowwidth":"1294.6666666666667","windowheight":"686.6666666666666","windowtop":"-7.333333333333333","windowleft":"-7.333333333333333","windowminimized":"false","windowmaximized":"true","windowfocused":"true","windowfullscreen":"false"}]}}
2026-02-21 01:52:25,388 - DEBUG - page.on_event_async: page change [{"i":"page","windowwidth":"1294.6666666666667","windowheight":"686.6666666666666","windowtop":"-7.333333333333333","windowleft":"-7.333333333333333","windowminimized":"false","windowmaximized":"true","windowfocused":"true","windowfullscreen":"false"}]
2026-02-21 01:52:25,389 - DEBUG - _on_message: {"action":"pageEventFromWeb","payload":{"eventTarget":"page","eventName":"window_event","eventData":"maximize"}}
2026-02-21 01:52:25,389 - DEBUG - page.on_event_async: page window_event maximize
2026-02-21 01:52:28,395 - DEBUG - _on_message: {"action":"pageEventFromWeb","payload":{"eventTarget":"_11","eventName":"hover","eventData":"true"}}
2026-02-21 01:52:28,395 - DEBUG - page.on_event_async: _11 hover true
2026-02-21 01:52:28,456 - DEBUG - _on_message: {"action":"pageEventFromWeb","payload":{"eventTarget":"_11","eventName":"hover","eventData":"false"}}
2026-02-21 01:52:28,457 - DEBUG - page.on_event_async: _11 hover false
2026-02-21 01:52:29,148 - DEBUG - _on_message: {"action":"pageEventFromWeb","payload":{"eventTarget":"page","eventName":"app_lifecycle_state_change","eventData":"inactive"}}
2026-02-21 01:52:29,149 - DEBUG - page.on_event_async: page app_lifecycle_state_change inactive
2026-02-21 01:52:29,152 - DEBUG - _on_message: {"action":"pageEventFromWeb","payload":{"eventTarget":"page","eventName":"app_lifecycle_state_change","eventData":"hide"}}
2026-02-21 01:52:29,153 - DEBUG - page.on_event_async: page app_lifecycle_state_change hide
2026-02-21 01:52:29,323 - DEBUG - Flet View process 3240
2026-02-21 01:52:29,325 - DEBUG - Closing connection...
2026-02-21 01:52:29,325 - DEBUG - Disconnecting all pages...
2026-02-21 01:52:29,325 - DEBUG - page.on_event_async: page disconnect 
2026-02-21 01:52:29,325 - DEBUG - Shutting down thread pool...
2026-02-21 01:56:39,922 - INFO - === INICIANDO APLICATIVO ===
2026-02-21 01:56:39,922 - INFO - Obtendo caminho do banco de dados...
2026-02-21 01:56:39,922 - INFO - Modo executável - Diretório: C:\pacoteflet\dist\Graça_Presentes
2026-02-21 01:56:39,922 - INFO - Pasta database: C:\pacoteflet\dist\Graça_Presentes\database
2026-02-21 01:56:39,923 - INFO - Caminho final do banco: C:\pacoteflet\dist\Graça_Presentes\database\graca_presentes.db
2026-02-21 01:56:39,924 - INFO - Permissão de escrita OK
2026-02-21 01:56:39,964 - INFO - Criando/verificando banco de dados...
2026-02-21 01:56:39,967 - INFO - Banco de dados criado/verificado com sucesso
2026-02-21 01:56:39,967 - DEBUG - Using proactor: IocpProactor
2026-02-21 01:56:40,024 - INFO - Assets path configured: C:\pacoteflet\dist\Graça_Presentes\assets
2026-02-21 01:56:40,027 - DEBUG - Creating new PubSubHub instance
2026-02-21 01:56:40,027 - DEBUG - Creating new PubSubHub instance
2026-02-21 01:56:40,027 - INFO - Starting up TCP server on localhost:64988
2026-02-21 01:56:40,037 - INFO - Flet app has started...
2026-02-21 01:56:40,039 - INFO - App URL: tcp://localhost:64988
2026-02-21 01:56:40,039 - INFO - Starting Flet View app...
2026-02-21 01:56:40,040 - INFO - Looking for Flet executable at: C:\pacoteflet\dist\Graça_Presentes\_internal\flet_desktop\app\flet\flet.exe
2026-02-21 01:56:40,368 - DEBUG - Connected new TCP client
2026-02-21 01:56:40,369 - DEBUG - _on_message: {"action":"registerWebClient","payload":{"pageName":"","pageRoute":"/","pageWidth":"1265.3333333333333","pageHeight":"682.6666666666666","windowWidth":"1280.0","windowHeight":"720.0","windowTop":"10.0","windowLeft":"10.0","isPWA":"false","isWeb":"false","isDebug":"false","platform":"windows","platformBrightness":"light","media":"{\"padding\":{\"top\":0.0,\"right\":0.0,\"bottom\":0.0,\"left\":0.0},\"view_padding\":{\"top\":0.0,\"right\":0.0,\"bottom\":0.0,\"left\":0.0},\"view_insets\":{\"top\":0.0,\"right\":0.0,\"bottom\":0.0,\"left\":0.0}}","sessionId":""}}
2026-02-21 01:56:40,370 - DEBUG - __send: {"action":"registerWebClient","payload":{"session":{"id":"","controls":{"page":{"i":"page","t":"page","p":"","c":[],"route":"/","width":"1265.3333333333333","height":"682.6666666666666","windowwidth":"1280.0","windowheight":"720.0","windowtop":"10.0","windowleft":"10.0","pwa":"false","web":"false","debug":"false","platform":"windows","platformBrightness":"light","media":"{\"padding\":{\"top\":0.0,\"right\":0.0,\"bottom\":0.0,\"left\":0.0},\"view_padding\":{\"top\":0.0,\"right\":0.0,\"bottom\":0.0,\"left\":0.0},\"view_insets\":{\"top\":0.0,\"right\":0.0,\"bottom\":0.0,\"left\":0.0}}"}}},"error":"","appInactive":false}}
2026-02-21 01:56:40,370 - DEBUG - _process_command: get ['page', 'route'] {}
2026-02-21 01:56:40,370 - DEBUG - _process_command: get ['page', 'pwa'] {}
2026-02-21 01:56:40,370 - DEBUG - _process_command: get ['page', 'web'] {}
2026-02-21 01:56:40,370 - DEBUG - _process_command: get ['page', 'debug'] {}
2026-02-21 01:56:40,370 - DEBUG - _process_command: get ['page', 'platform'] {}
2026-02-21 01:56:40,370 - DEBUG - _process_command: get ['page', 'platformBrightness'] {}
2026-02-21 01:56:40,370 - DEBUG - _process_command: get ['page', 'media'] {}
2026-02-21 01:56:40,370 - DEBUG - _process_command: get ['page', 'width'] {}
2026-02-21 01:56:40,370 - DEBUG - _process_command: get ['page', 'height'] {}
2026-02-21 01:56:40,371 - DEBUG - _process_command: get ['page', 'windowWidth'] {}
2026-02-21 01:56:40,371 - DEBUG - _process_command: get ['page', 'windowHeight'] {}
2026-02-21 01:56:40,371 - DEBUG - _process_command: get ['page', 'windowTop'] {}
2026-02-21 01:56:40,371 - DEBUG - _process_command: get ['page', 'windowLeft'] {}
2026-02-21 01:56:40,371 - DEBUG - _process_command: get ['page', 'clientIP'] {}
2026-02-21 01:56:40,371 - DEBUG - _process_command: get ['page', 'clientUserAgent'] {}
2026-02-21 01:56:40,371 - INFO - App session started
2026-02-21 01:56:40,372 - DEBUG - sent to TCP: 629
2026-02-21 01:56:40,406 - DEBUG - _process_command: set ['page'] {'fonts': '{"Poppins":"https://fonts.googleapis.com/css2?family=Poppins:wght@400;500;600;700&display=swap"}', 'theme': '{"font_family":"Poppins","page_transitions":{},"system_overlay_style":{}}', 'thememode': 'light', 'title': 'Graça Presentes (v1.1)', 'windowmaximized': 'true'}
2026-02-21 01:56:40,406 - DEBUG - _process_command: add [] {'to': 'page', 'at': '0'}
2026-02-21 01:56:40,406 - DEBUG - _process_command: add [] {'to': 'page', 'at': '1'}
2026-02-21 01:56:40,406 - DEBUG - __send: {"action":"pageControlsBatch","payload":[{"action":"updateControlProps","payload":{"props":[{"i":"page","fonts":"{\"Poppins\":\"https://fonts.googleapis.com/css2?family=Poppins:wght@400;500;600;700&display=swap\"}","theme":"{\"font_family\":\"Poppins\",\"page_transitions\":{},\"system_overlay_style\":{}}","thememode":"light","title":"Gra\u00e7a Presentes (v1.1)","windowmaximized":"true"}]}},{"action":"addPageControls","payload":{"controls":[{"t":"view","i":"_1","p":"page","c":["_2"],"at":"0","padding":"0","scroll":"auto"},{"t":"container","i":"_2","p":"_1","c":["_3"],"gradient":"{\"colors\":[\"#E30D78\",\"#0DEA83\",\"#c8ccdedc\"],\"tile_mode\":\"clamp\",\"begin\":{\"x\":-1,\"y\":-1},\"end\":{\"x\":1,\"y\":1},\"type\":\"linear\"}","height":"110","margin":"{\"l\":0,\"t\":0,\"r\":0,\"b\":25}","padding":"{\"l\":30,\"t\":5,\"r\":30,\"b\":5}","shadow":"{\"spread_radius\":1,\"blur_radius\":20,\"color\":\"#800d47a1\",\"offset\":{\"x\":0,\"y\":6},\"blur_style\":\"normal\"}"},{"t":"row","i":"_3","p":"_2","c":["_4","_10"],"alignment":"spaceBetween","n":"content","verticalalignment":"center"},{"t":"row","i":"_4","p":"_3","c":["_5","_7"],"alignment":"start","expand":"1","verticalalignment":"center"},{"t":"container","i":"_5","p":"_4","c":["_6"],"borderradius":"10","ink":"true","onclick":"true","padding":"{\"l\":0,\"t\":0,\"r\":15,\"b\":0}"},{"t":"image","i":"_6","p":"_5","c":[],"fit":"contain","height":"150","n":"content","src":"gata.png"},{"t":"column","i":"_7","p":"_4","c":["_8","_9"],"alignment":"center","spacing":"3"},{"t":"text","i":"_8","p":"_7","c":[],"color":"white","size":"30","value":"GRA\u00c7A PRESENTES","weight":"w800"},{"t":"text","i":"_9","p":"_7","c":[],"color":"white70","size":"16","value":"Sistema de gerenciamento de produtos"},{"t":"row","i":"_10","p":"_3","c":["_11","_12"],"alignment":"end","spacing":"15"},{"t":"iconbutton","i":"_11","p":"_10","c":[],"icon":"insert_chart_outlined_sharp","iconcolor":"white","iconsize":"40","style":"{\"overlay_color\":\"#0F0904FF\",\"padding\":{\"default\":15},\"side\":{},\"shape\":{\"default\":{\"radius\":10,\"type\":\"roundedRectangle\"}},\"text_style\":{}}","tooltip":"\"Relat\\u00f3rios\""},{"t":"iconbutton","i":"_12","p":"_10","c":[],"icon":"shopping_cart_checkout_outlined","iconcolor":"white","iconsize":"40","style":"{\"overlay_color\":\"#0E7676FF\",\"padding\":{\"default\":15},\"side\":{},\"shape\":{\"default\":{\"radius\":10,\"type\":\"roundedRectangle\"}},\"text_style\":{}}","tooltip":"\"Finalizar Compra\""}],"trimIDs":[]}},{"action":"addPageControls","payload":{"controls":[{"t":"offstage","i":"_13","p":"page","c":["_14","_15"],"at":"1"},{"t":"filepicker","i":"_14","p":"_13","c":[],"upload":"[]"},{"t":"datepicker","i":"_15","p":"_13","c":[],"currentdate":"2026-02-21T01:56:39.345992","firstdate":"2025-01-01","lastdate":"2026-02-21","open":"false","value":"2026-02-21"}],"trimIDs":[]}}]}
2026-02-21 01:56:40,407 - DEBUG - _process_command: add [] {'to': '_1', 'at': '1'}
2026-02-21 01:56:40,408 - DEBUG - __send: {"action":"pageControlsBatch","payload":[{"action":"addPageControls","payload":{"controls":[{"t":"container","i":"_16","p":"_1","c":["_17"],"at":"1","padding":"20"},{"t":"column","i":"_17","p":"_16","c":["_18","_19"],"n":"content"},{"t":"text","i":"_18","p":"_17","c":[],"color":"green","size":"25"},{"t":"row","i":"_19","p":"_17","c":["_20"],"expand":"1"},{"t":"column","i":"_20","p":"_19","c":["_21","_35","_47"],"expand":"2"},{"t":"container","i":"_21","p":"_20","c":["_22"],"border":"{\"l\":{\"w\":1,\"c\":\"grey300\",\"sa\":null},\"t\":{\"w\":1,\"c\":\"grey300\",\"sa\":null},\"r\":{\"w\":1,\"c\":\"grey300\",\"sa\":null},\"b\":{\"w\":1,\"c\":\"grey300\",\"sa\":null}}","borderradius":"10","padding":"10"},{"t":"column","i":"_22","p":"_21","c":["_23","_25","_26","_30","_32"],"n":"content"},{"t":"container","i":"_23","p":"_22","c":["_24"],"padding":"10"},{"t":"text","i":"_24","p":"_23","c":[],"n":"content","size":"20","value":"Carrinho de Compras","weight":"bold"},{"t":"divider","i":"_25","p":"_22","c":[]},{"t":"row","i":"_26","p":"_22","c":["_27","_28","_29"],"spacing":"10"},{"t":"dropdown","i":"_27","p":"_26","c":[],"bordercolor":"blue700","label":"Produto","leadingicon":"shopping_bag","width":"300"},{"t":"textfield","i":"_28","p":"_26","c":[],"bordercolor":"blue700","label":"Quantidade","value":"1","width":"300"},{"t":"elevatedbutton","i":"_29","p":"_26","c":[],"icon":"add","style":"{\"color\":\"white\",\"bgcolor\":\"green700\",\"padding\":{\"default\":10},\"side\":{},\"shape\":{},\"text_style\":{}}","text":"Adicionar"},{"t":"container","i":"_30","p":"_22","c":["_31"],"border":"{\"l\":{\"w\":1,\"c\":\"grey300\",\"sa\":null},\"t\":{\"w\":1,\"c\":\"grey300\",\"sa\":null},\"r\":{\"w\":1,\"c\":\"grey300\",\"sa\":null},\"b\":{\"w\":1,\"c\":\"grey300\",\"sa\":null}}","borderradius":"5","height":"250","padding":"10"},{"t":"column","i":"_31","p":"_30","c":[],"height":"150","n":"content","scroll":"auto","spacing":"5"},{"t":"row","i":"_32","p":"_22","c":["_33","_34"],"alignment":"end","spacing":"10"},{"t":"elevatedbutton","i":"_33","p":"_32","c":[],"icon":"delete","style":"{\"color\":\"white\",\"bgcolor\":\"red700\",\"padding\":{},\"side\":{},\"shape\":{},\"text_style\":{}}","text":"Limpar"},{"t":"elevatedbutton","i":"_34","p":"_32","c":[],"icon":"check_circle_outline","style":"{\"color\":\"white\",\"bgcolor\":\"orange700\",\"padding\":{},\"side\":{},\"shape\":{},\"text_style\":{}}","text":"Finalizar"},{"t":"container","i":"_35","p":"_20","c":["_36"],"border":"{\"l\":{\"w\":1,\"c\":\"grey300\",\"sa\":null},\"t\":{\"w\":1,\"c\":\"grey300\",\"sa\":null},\"r\":{\"w\":1,\"c\":\"grey300\",\"sa\":null},\"b\":{\"w\":1,\"c\":\"grey300\",\"sa\":null}}","borderradius":"10","padding":"10"},{"t":"column","i":"_36","p":"_35","c":["_37","_38","_39","_42"],"n":"content"},{"t":"text","i":"_37","p":"_36","c":[],"size":"20","value":"Buscar Produtos","weight":"bold"},{"t":"divider","i":"_38","p":"_36","c":[]},{"t":"row","i":"_39","p":"_36","c":["_40","_41"]},{"t":"textfield","i":"_40","p":"_39","c":[],"bordercolor":"blue700","label":"Buscar Produto","suffixicon":"search","width":"300"},{"t":"elevatedbutton","i":"_41","p":"_39","c":[],"icon":"search","style":"{\"color\":\"white\",\"bgcolor\":\"blue700\",\"padding\":{},\"side\":{},\"shape\":{},\"text_style\":{}}","text":"Buscar"},{"t":"row","i":"_42","p":"_36","c":["_43","_45"],"verticalalignment":"start"},{"t":"container","i":"_43","p":"_42","c":["_44"],"border":"{\"l\":{\"w\":1,\"c\":\"grey300\",\"sa\":null},\"t\":{\"w\":1,\"c\":\"grey300\",\"sa\":null},\"r\":{\"w\":1,\"c\":\"grey300\",\"sa\":null},\"b\":{\"w\":1,\"c\":\"grey300\",\"sa\":null}}","borderradius":"5","height":"300","padding":"10","width":"450"},{"t":"column","i":"_44","p":"_43","c":[],"height":"150","n":"content","scroll":"auto","spacing":"5"},{"t":"container","i":"_45","p":"_42","c":["_46"],"alignment":"{\"x\":0,\"y\":0}","expand":"1","padding":"10"},{"t":"image","i":"_46","p":"_45","c":[],"borderradius":"{\"bl\":10,\"br\":10,\"tl\":10,\"tr\":10}","fit":"contain","height":"300","n":"content","visible":"false","width":"300"},{"t":"elevatedbutton","i":"_47","p":"_20","c":[],"height":"50","icon":"add_box","style":"{\"color\":\"white\",\"bgcolor\":\"blue700\",\"padding\":{\"default\":20},\"side\":{},\"shape\":{},\"text_style\":{}}","text":"Cadastrar Produtos","width":"200"}],"trimIDs":[]}}]}
2026-02-21 01:56:40,409 - DEBUG - _process_command: add [] {'to': '_1', 'at': '2'}
2026-02-21 01:56:40,409 - DEBUG - __send: {"action":"pageControlsBatch","payload":[{"action":"addPageControls","payload":{"controls":[{"t":"alertdialog","i":"_48","p":"_1","c":["_49","_50","_67","_68"],"at":"2","actionsalignment":"spaceEvenly","modal":"true","open":"false","shape":"{\"radius\":15,\"type\":\"roundedRectangle\"}"},{"t":"text","i":"_49","p":"_48","c":[],"color":"blue800","n":"title","size":"24","textalign":"center","value":"FINALIZAR COMPRA","weight":"bold"},{"t":"container","i":"_50","p":"_48","c":["_51"],"n":"content","padding":"{\"l\":30,\"t\":20,\"r\":30,\"b\":20}","width":"600"},{"t":"column","i":"_51","p":"_50","c":["_52","_53","_54","_55","_56","_59","_64","_66"],"horizontalalignment":"center","n":"content","scroll":"auto","tight":"true"},{"t":"text","i":"_52","p":"_51","c":[],"color":"blue700","size":"15","textalign":"center","value":"ITENS DO CARRINHO","weight":"bold"},{"t":"divider","i":"_53","p":"_51","c":[],"color":"blue100","height":"2","thickness":"2"},{"t":"column","i":"_54","p":"_51","c":[],"scroll":"auto"},{"t":"divider","i":"_55","p":"_51","c":[],"color":"blue100","height":"2","thickness":"2"},{"t":"row","i":"_56","p":"_51","c":["_57","_58"],"alignment":"center"},{"t":"text","i":"_57","p":"_56","c":[],"color":"blue700","size":"20","value":"TOTAL:","weight":"bold"},{"t":"text","i":"_58","p":"_56","c":[],"size":"25","value":"R$ 0,00","weight":"bold"},{"t":"container","i":"_59","p":"_51","c":["_60"],"padding":"{\"l\":0,\"t\":10,\"r\":0,\"b\":10}"},{"t":"dropdown","i":"_60","p":"_59","c":["_61","_62","_63"],"bordercolor":"blue700","label":"Forma de Pagamento","n":"content","value":"dinheiro"},{"t":"dropdownoption","i":"_61","p":"_60","c":[],"key":"dinheiro","text":"Dinheiro"},{"t":"dropdownoption","i":"_62","p":"_60","c":[],"key":"cartao","text":"Cart\u00e3o"},{"t":"dropdownoption","i":"_63","p":"_60","c":[],"key":"pix","text":"PIX"},{"t":"container","i":"_64","p":"_51","c":["_65"],"padding":"{\"l\":0,\"t\":0,\"r\":0,\"b\":10}"},{"t":"textfield","i":"_65","p":"_64","c":[],"bordercolor":"blue700","label":"Valor Recebido","n":"content","onchange":"true","prefixtext":"R$ ","visible":"false"},{"t":"text","i":"_66","p":"_51","c":[],"size":"25","value":"Troco: R$ 0,00","visible":"false","weight":"bold"},{"t":"textbutton","i":"_67","p":"_48","c":[],"n":"action","style":"{\"color\":\"white\",\"bgcolor\":\"green700\",\"padding\":{\"default\":{\"l\":30,\"t\":15,\"r\":30,\"b\":15}},\"side\":{},\"shape\":{\"default\":{\"radius\":10,\"type\":\"roundedRectangle\"}},\"text_style\":{}}","text":"CONFIRMAR"},{"t":"textbutton","i":"_68","p":"_48","c":[],"n":"action","style":"{\"color\":\"white\",\"bgcolor\":\"red700\",\"padding\":{\"default\":{\"l\":30,\"t\":15,\"r\":30,\"b\":15}},\"side\":{},\"shape\":{\"default\":{\"radius\":10,\"type\":\"roundedRectangle\"}},\"text_style\":{}}","text":"CANCELAR"}],"trimIDs":[]}}]}
2026-02-21 01:56:40,412 - DEBUG - _process_command: add [] {'to': '_1', 'at': '3'}
2026-02-21 01:56:40,412 - DEBUG - __send: {"action":"pageControlsBatch","payload":[{"action":"addPageControls","payload":{"controls":[{"t":"alertdialog","i":"_69","p":"_1","c":["_70","_71","_82","_83"],"at":"3","actionsalignment":"spaceBetween","modal":"true","open":"false"},{"t":"text","i":"_70","p":"_69","c":[],"color":"blue800","n":"title","value":"Dados do Cart\u00e3o","weight":"bold"},{"t":"container","i":"_71","p":"_69","c":["_72"],"n":"content","padding":"20","width":"400"},{"t":"column","i":"_72","p":"_71","c":["_73","_74","_75","_76","_77","_81"],"n":"content","spacing":"15","tight":"true"},{"t":"text","i":"_73","p":"_72","c":[],"color":"blue800","size":"16","weight":"bold"},{"t":"divider","i":"_74","p":"_72","c":[]},{"t":"textfield","i":"_75","p":"_72","c":[],"bordercolor":"blue700","label":"Nome do Cliente","width":"400"},{"t":"text","i":"_76","p":"_72","c":[],"value":"Tipo de Opera\u00e7\u00e3o:","weight":"bold"},{"t":"radiogroup","i":"_77","p":"_72","c":["_78"],"value":"debito"},{"t":"row","i":"_78","p":"_77","c":["_79","_80"],"n":"content"},{"t":"radio","i":"_79","p":"_78","c":[],"label":"D\u00e9bito","value":"debito"},{"t":"radio","i":"_80","p":"_78","c":[],"label":"Cr\u00e9dito","value":"credito"},{"t":"textfield","i":"_81","p":"_72","c":[],"bordercolor":"blue700","disabled":"true","keyboardtype":"number","label":"Parcelas","value":"1","width":"100"},{"t":"textbutton","i":"_82","p":"_69","c":[],"n":"action","style":"{\"color\":\"white\",\"bgcolor\":\"green700\",\"padding\":{},\"side\":{},\"shape\":{},\"text_style\":{}}","text":"Confirmar"},{"t":"textbutton","i":"_83","p":"_69","c":[],"n":"action","style":"{\"color\":\"red700\",\"padding\":{},\"side\":{},\"shape\":{},\"text_style\":{}}","text":"Cancelar"}],"trimIDs":[]}}]}
2026-02-21 01:56:40,412 - DEBUG - sent to TCP: 2886
2026-02-21 01:56:40,415 - DEBUG - _process_command: add [] {'to': '_1', 'at': '4'}
2026-02-21 01:56:40,415 - DEBUG - sent to TCP: 4355
2026-02-21 01:56:40,416 - DEBUG - __send: {"action":"pageControlsBatch","payload":[{"action":"addPageControls","payload":{"controls":[{"t":"alertdialog","i":"_84","p":"_1","c":["_85","_86"],"at":"4","actionsalignment":"end","modal":"true","open":"false"},{"t":"text","i":"_85","p":"_84","c":[],"n":"title"},{"t":"container","i":"_86","p":"_84","c":[],"n":"content"}],"trimIDs":[]}}]}
2026-02-21 01:56:40,417 - DEBUG - sent to TCP: 2839
2026-02-21 01:56:40,417 - DEBUG - sent to TCP: 1729
2026-02-21 01:56:40,417 - DEBUG - sent to TCP: 345
2026-02-21 01:56:40,421 - INFO - Busca realizada - 0 produtos encontrados
2026-02-21 01:56:40,426 - INFO - Busca realizada - 0 produtos encontrados
2026-02-21 01:56:40,434 - DEBUG - _on_message: {"action":"pageEventFromWeb","payload":{"eventTarget":"page","eventName":"error","eventData":"PathNotFoundException: Cannot retrieve length of file, path = 'C:\\pacoteflet\\dist\\Graça_Presentes\\assets\\gata.png' (OS Error: O sistema não pode encontrar o caminho especificado.\r\n, errno = 3)"}}
2026-02-21 01:56:40,435 - DEBUG - page.on_event_async: page error PathNotFoundException: Cannot retrieve length of file, path = 'C:\pacoteflet\dist\Graça_Presentes\assets\gata.png' (OS Error: O sistema não pode encontrar o caminho especificado.
, errno = 3)
2026-02-21 01:56:40,511 - DEBUG - _on_message: {"action":"updateControlProps","payload":{"props":[{"i":"page","windowwidth":"1294.6666666666667","windowheight":"686.6666666666666","windowtop":"-7.333333333333333","windowleft":"-7.333333333333333","windowminimized":"false","windowmaximized":"true","windowfocused":"true","windowfullscreen":"false"}]}}
2026-02-21 01:56:40,511 - DEBUG - page.on_event_async: page change [{"i":"page","windowwidth":"1294.6666666666667","windowheight":"686.6666666666666","windowtop":"-7.333333333333333","windowleft":"-7.333333333333333","windowminimized":"false","windowmaximized":"true","windowfocused":"true","windowfullscreen":"false"}]
2026-02-21 01:56:40,511 - DEBUG - _on_message: {"action":"pageEventFromWeb","payload":{"eventTarget":"page","eventName":"window_event","eventData":"maximize"}}
2026-02-21 01:56:40,511 - DEBUG - page.on_event_async: page window_event maximize
2026-02-21 01:56:40,706 - DEBUG - _on_message: {"action":"updateControlProps","payload":{"props":[{"i":"page","width":"1280.0","height":"649.3333333333334","windowwidth":"1294.6666666666667","windowheight":"686.6666666666666","windowtop":"-7.333333333333333","windowleft":"-7.333333333333333","windowminimized":"false","windowmaximized":"true","windowfocused":"true","windowfullscreen":"false"}]}}
2026-02-21 01:56:40,706 - DEBUG - page.on_event_async: page change [{"i":"page","width":"1280.0","height":"649.3333333333334","windowwidth":"1294.6666666666667","windowheight":"686.6666666666666","windowtop":"-7.333333333333333","windowleft":"-7.333333333333333","windowminimized":"false","windowmaximized":"true","windowfocused":"true","windowfullscreen":"false"}]
2026-02-21 01:56:40,706 - DEBUG - _on_message: {"action":"pageEventFromWeb","payload":{"eventTarget":"page","eventName":"resized","eventData":"{\"width\":1280.0,\"height\":649.3333333333334}"}}
2026-02-21 01:56:40,706 - DEBUG - page.on_event_async: page resized {"width":1280.0,"height":649.3333333333334}
2026-02-21 01:56:49,117 - DEBUG - _on_message: {"action":"pageEventFromWeb","payload":{"eventTarget":"page","eventName":"app_lifecycle_state_change","eventData":"inactive"}}
2026-02-21 01:56:49,117 - DEBUG - page.on_event_async: page app_lifecycle_state_change inactive
2026-02-21 01:56:49,149 - DEBUG - _on_message: {"action":"updateControlProps","payload":{"props":[{"i":"page","windowwidth":"158.0","windowheight":"26.0","windowtop":"-21333.333333333332","windowleft":"-21333.333333333332","windowminimized":"true","windowmaximized":"false","windowfocused":"false","windowfullscreen":"false"}]}}
2026-02-21 01:56:49,149 - DEBUG - page.on_event_async: page change [{"i":"page","windowwidth":"158.0","windowheight":"26.0","windowtop":"-21333.333333333332","windowleft":"-21333.333333333332","windowminimized":"true","windowmaximized":"false","windowfocused":"false","windowfullscreen":"false"}]
2026-02-21 01:56:49,149 - DEBUG - _on_message: {"action":"pageEventFromWeb","payload":{"eventTarget":"page","eventName":"window_event","eventData":"minimize"}}
2026-02-21 01:56:49,149 - DEBUG - _on_message: {"action":"updateControlProps","payload":{"props":[{"i":"page","windowwidth":"158.0","windowheight":"26.0","windowtop":"-21333.333333333332","windowleft":"-21333.333333333332","windowminimized":"true","windowmaximized":"false","windowfocused":"false","windowfullscreen":"false"}]}}
2026-02-21 01:56:49,149 - DEBUG - page.on_event_async: page window_event minimize
2026-02-21 01:56:49,150 - DEBUG - page.on_event_async: page change [{"i":"page","windowwidth":"158.0","windowheight":"26.0","windowtop":"-21333.333333333332","windowleft":"-21333.333333333332","windowminimized":"true","windowmaximized":"false","windowfocused":"false","windowfullscreen":"false"}]
2026-02-21 01:56:49,150 - DEBUG - _on_message: {"action":"pageEventFromWeb","payload":{"eventTarget":"page","eventName":"window_event","eventData":"blur"}}
2026-02-21 01:56:49,150 - DEBUG - page.on_event_async: page window_event blur
2026-02-21 01:56:49,164 - DEBUG - _on_message: {"action":"updateControlProps","payload":{"props":[{"i":"page","windowwidth":"158.0","windowheight":"26.0","windowtop":"-21333.333333333332","windowleft":"-21333.333333333332","windowminimized":"true","windowmaximized":"false","windowfocused":"false","windowfullscreen":"false"}]}}
2026-02-21 01:56:49,165 - DEBUG - page.on_event_async: page change [{"i":"page","windowwidth":"158.0","windowheight":"26.0","windowtop":"-21333.333333333332","windowleft":"-21333.333333333332","windowminimized":"true","windowmaximized":"false","windowfocused":"false","windowfullscreen":"false"}]
2026-02-21 01:56:49,165 - DEBUG - _on_message: {"action":"pageEventFromWeb","payload":{"eventTarget":"page","eventName":"window_event","eventData":"focus"}}
2026-02-21 01:56:49,165 - DEBUG - page.on_event_async: page window_event focus
2026-02-21 02:02:08,292 - INFO - === INICIANDO APLICATIVO ===
2026-02-21 02:02:08,292 - INFO - Obtendo caminho do banco de dados...
2026-02-21 02:02:08,292 - INFO - Modo executável - Diretório: C:\pacoteflet\dist\Graça_Presentes
2026-02-21 02:02:08,292 - INFO - Pasta database: C:\pacoteflet\dist\Graça_Presentes\database
2026-02-21 02:02:08,292 - INFO - Caminho final do banco: C:\pacoteflet\dist\Graça_Presentes\database\graca_presentes.db
2026-02-21 02:02:08,293 - INFO - Permissão de escrita OK
2026-02-21 02:02:08,337 - INFO - Criando/verificando banco de dados...
2026-02-21 02:02:08,340 - INFO - Banco de dados criado/verificado com sucesso
2026-02-21 02:02:08,340 - DEBUG - Using proactor: IocpProactor
2026-02-21 02:02:08,399 - INFO - Assets path configured: C:\pacoteflet\dist\Graça_Presentes\assets
2026-02-21 02:02:08,401 - DEBUG - Creating new PubSubHub instance
2026-02-21 02:02:08,401 - DEBUG - Creating new PubSubHub instance
2026-02-21 02:02:08,402 - INFO - Starting up TCP server on localhost:51336
2026-02-21 02:02:08,414 - INFO - Flet app has started...
2026-02-21 02:02:08,416 - INFO - App URL: tcp://localhost:51336
2026-02-21 02:02:08,416 - INFO - Starting Flet View app...
2026-02-21 02:02:08,429 - INFO - Looking for Flet executable at: C:\pacoteflet\dist\Graça_Presentes\_internal\flet_desktop\app\flet\flet.exe
2026-02-21 02:02:08,752 - DEBUG - Connected new TCP client
2026-02-21 02:02:08,753 - DEBUG - _on_message: {"action":"registerWebClient","payload":{"pageName":"","pageRoute":"/","pageWidth":"1265.3333333333333","pageHeight":"682.6666666666666","windowWidth":"1280.0","windowHeight":"720.0","windowTop":"10.0","windowLeft":"10.0","isPWA":"false","isWeb":"false","isDebug":"false","platform":"windows","platformBrightness":"light","media":"{\"padding\":{\"top\":0.0,\"right\":0.0,\"bottom\":0.0,\"left\":0.0},\"view_padding\":{\"top\":0.0,\"right\":0.0,\"bottom\":0.0,\"left\":0.0},\"view_insets\":{\"top\":0.0,\"right\":0.0,\"bottom\":0.0,\"left\":0.0}}","sessionId":""}}
2026-02-21 02:02:08,754 - DEBUG - __send: {"action":"registerWebClient","payload":{"session":{"id":"","controls":{"page":{"i":"page","t":"page","p":"","c":[],"route":"/","width":"1265.3333333333333","height":"682.6666666666666","windowwidth":"1280.0","windowheight":"720.0","windowtop":"10.0","windowleft":"10.0","pwa":"false","web":"false","debug":"false","platform":"windows","platformBrightness":"light","media":"{\"padding\":{\"top\":0.0,\"right\":0.0,\"bottom\":0.0,\"left\":0.0},\"view_padding\":{\"top\":0.0,\"right\":0.0,\"bottom\":0.0,\"left\":0.0},\"view_insets\":{\"top\":0.0,\"right\":0.0,\"bottom\":0.0,\"left\":0.0}}"}}},"error":"","appInactive":false}}
2026-02-21 02:02:08,754 - DEBUG - _process_command: get ['page', 'route'] {}
2026-02-21 02:02:08,754 - DEBUG - _process_command: get ['page', 'pwa'] {}
2026-02-21 02:02:08,754 - DEBUG - _process_command: get ['page', 'web'] {}
2026-02-21 02:02:08,755 - DEBUG - _process_command: get ['page', 'debug'] {}
2026-02-21 02:02:08,755 - DEBUG - _process_command: get ['page', 'platform'] {}
2026-02-21 02:02:08,755 - DEBUG - _process_command: get ['page', 'platformBrightness'] {}
2026-02-21 02:02:08,755 - DEBUG - _process_command: get ['page', 'media'] {}
2026-02-21 02:02:08,755 - DEBUG - _process_command: get ['page', 'width'] {}
2026-02-21 02:02:08,755 - DEBUG - _process_command: get ['page', 'height'] {}
2026-02-21 02:02:08,755 - DEBUG - _process_command: get ['page', 'windowWidth'] {}
2026-02-21 02:02:08,755 - DEBUG - _process_command: get ['page', 'windowHeight'] {}
2026-02-21 02:02:08,755 - DEBUG - _process_command: get ['page', 'windowTop'] {}
2026-02-21 02:02:08,755 - DEBUG - _process_command: get ['page', 'windowLeft'] {}
2026-02-21 02:02:08,755 - DEBUG - _process_command: get ['page', 'clientIP'] {}
2026-02-21 02:02:08,755 - DEBUG - _process_command: get ['page', 'clientUserAgent'] {}
2026-02-21 02:02:08,755 - INFO - App session started
2026-02-21 02:02:08,756 - DEBUG - sent to TCP: 629
2026-02-21 02:02:08,783 - DEBUG - _process_command: set ['page'] {'fonts': '{"Poppins":"https://fonts.googleapis.com/css2?family=Poppins:wght@400;500;600;700&display=swap"}', 'theme': '{"font_family":"Poppins","page_transitions":{},"system_overlay_style":{}}', 'thememode': 'light', 'title': 'Graça Presentes (v1.1)', 'windowmaximized': 'true'}
2026-02-21 02:02:08,784 - DEBUG - _process_command: add [] {'to': 'page', 'at': '0'}
2026-02-21 02:02:08,784 - DEBUG - _process_command: add [] {'to': 'page', 'at': '1'}
2026-02-21 02:02:08,784 - DEBUG - __send: {"action":"pageControlsBatch","payload":[{"action":"updateControlProps","payload":{"props":[{"i":"page","fonts":"{\"Poppins\":\"https://fonts.googleapis.com/css2?family=Poppins:wght@400;500;600;700&display=swap\"}","theme":"{\"font_family\":\"Poppins\",\"page_transitions\":{},\"system_overlay_style\":{}}","thememode":"light","title":"Gra\u00e7a Presentes (v1.1)","windowmaximized":"true"}]}},{"action":"addPageControls","payload":{"controls":[{"t":"view","i":"_1","p":"page","c":["_2"],"at":"0","padding":"0","scroll":"auto"},{"t":"container","i":"_2","p":"_1","c":["_3"],"gradient":"{\"colors\":[\"#E30D78\",\"#0DEA83\",\"#c8ccdedc\"],\"tile_mode\":\"clamp\",\"begin\":{\"x\":-1,\"y\":-1},\"end\":{\"x\":1,\"y\":1},\"type\":\"linear\"}","height":"110","margin":"{\"l\":0,\"t\":0,\"r\":0,\"b\":25}","padding":"{\"l\":30,\"t\":5,\"r\":30,\"b\":5}","shadow":"{\"spread_radius\":1,\"blur_radius\":20,\"color\":\"#800d47a1\",\"offset\":{\"x\":0,\"y\":6},\"blur_style\":\"normal\"}"},{"t":"row","i":"_3","p":"_2","c":["_4","_10"],"alignment":"spaceBetween","n":"content","verticalalignment":"center"},{"t":"row","i":"_4","p":"_3","c":["_5","_7"],"alignment":"start","expand":"1","verticalalignment":"center"},{"t":"container","i":"_5","p":"_4","c":["_6"],"borderradius":"10","ink":"true","onclick":"true","padding":"{\"l\":0,\"t\":0,\"r\":15,\"b\":0}"},{"t":"image","i":"_6","p":"_5","c":[],"fit":"contain","height":"150","n":"content","src":"gata.png"},{"t":"column","i":"_7","p":"_4","c":["_8","_9"],"alignment":"center","spacing":"3"},{"t":"text","i":"_8","p":"_7","c":[],"color":"white","size":"30","value":"GRA\u00c7A PRESENTES","weight":"w800"},{"t":"text","i":"_9","p":"_7","c":[],"color":"white70","size":"16","value":"Sistema de gerenciamento de produtos"},{"t":"row","i":"_10","p":"_3","c":["_11","_12"],"alignment":"end","spacing":"15"},{"t":"iconbutton","i":"_11","p":"_10","c":[],"icon":"insert_chart_outlined_sharp","iconcolor":"white","iconsize":"40","style":"{\"overlay_color\":\"#0F0904FF\",\"padding\":{\"default\":15},\"side\":{},\"shape\":{\"default\":{\"radius\":10,\"type\":\"roundedRectangle\"}},\"text_style\":{}}","tooltip":"\"Relat\\u00f3rios\""},{"t":"iconbutton","i":"_12","p":"_10","c":[],"icon":"shopping_cart_checkout_outlined","iconcolor":"white","iconsize":"40","style":"{\"overlay_color\":\"#0E7676FF\",\"padding\":{\"default\":15},\"side\":{},\"shape\":{\"default\":{\"radius\":10,\"type\":\"roundedRectangle\"}},\"text_style\":{}}","tooltip":"\"Finalizar Compra\""}],"trimIDs":[]}},{"action":"addPageControls","payload":{"controls":[{"t":"offstage","i":"_13","p":"page","c":["_14","_15"],"at":"1"},{"t":"filepicker","i":"_14","p":"_13","c":[],"upload":"[]"},{"t":"datepicker","i":"_15","p":"_13","c":[],"currentdate":"2026-02-21T02:02:07.688763","firstdate":"2025-01-01","lastdate":"2026-02-21","open":"false","value":"2026-02-21"}],"trimIDs":[]}}]}
2026-02-21 02:02:08,785 - DEBUG - _process_command: add [] {'to': '_1', 'at': '1'}
2026-02-21 02:02:08,786 - DEBUG - __send: {"action":"pageControlsBatch","payload":[{"action":"addPageControls","payload":{"controls":[{"t":"container","i":"_16","p":"_1","c":["_17"],"at":"1","padding":"20"},{"t":"column","i":"_17","p":"_16","c":["_18","_19"],"n":"content"},{"t":"text","i":"_18","p":"_17","c":[],"color":"green","size":"25"},{"t":"row","i":"_19","p":"_17","c":["_20"],"expand":"1"},{"t":"column","i":"_20","p":"_19","c":["_21","_35","_47"],"expand":"2"},{"t":"container","i":"_21","p":"_20","c":["_22"],"border":"{\"l\":{\"w\":1,\"c\":\"grey300\",\"sa\":null},\"t\":{\"w\":1,\"c\":\"grey300\",\"sa\":null},\"r\":{\"w\":1,\"c\":\"grey300\",\"sa\":null},\"b\":{\"w\":1,\"c\":\"grey300\",\"sa\":null}}","borderradius":"10","padding":"10"},{"t":"column","i":"_22","p":"_21","c":["_23","_25","_26","_30","_32"],"n":"content"},{"t":"container","i":"_23","p":"_22","c":["_24"],"padding":"10"},{"t":"text","i":"_24","p":"_23","c":[],"n":"content","size":"20","value":"Carrinho de Compras","weight":"bold"},{"t":"divider","i":"_25","p":"_22","c":[]},{"t":"row","i":"_26","p":"_22","c":["_27","_28","_29"],"spacing":"10"},{"t":"dropdown","i":"_27","p":"_26","c":[],"bordercolor":"blue700","label":"Produto","leadingicon":"shopping_bag","width":"300"},{"t":"textfield","i":"_28","p":"_26","c":[],"bordercolor":"blue700","label":"Quantidade","value":"1","width":"300"},{"t":"elevatedbutton","i":"_29","p":"_26","c":[],"icon":"add","style":"{\"color\":\"white\",\"bgcolor\":\"green700\",\"padding\":{\"default\":10},\"side\":{},\"shape\":{},\"text_style\":{}}","text":"Adicionar"},{"t":"container","i":"_30","p":"_22","c":["_31"],"border":"{\"l\":{\"w\":1,\"c\":\"grey300\",\"sa\":null},\"t\":{\"w\":1,\"c\":\"grey300\",\"sa\":null},\"r\":{\"w\":1,\"c\":\"grey300\",\"sa\":null},\"b\":{\"w\":1,\"c\":\"grey300\",\"sa\":null}}","borderradius":"5","height":"250","padding":"10"},{"t":"column","i":"_31","p":"_30","c":[],"height":"150","n":"content","scroll":"auto","spacing":"5"},{"t":"row","i":"_32","p":"_22","c":["_33","_34"],"alignment":"end","spacing":"10"},{"t":"elevatedbutton","i":"_33","p":"_32","c":[],"icon":"delete","style":"{\"color\":\"white\",\"bgcolor\":\"red700\",\"padding\":{},\"side\":{},\"shape\":{},\"text_style\":{}}","text":"Limpar"},{"t":"elevatedbutton","i":"_34","p":"_32","c":[],"icon":"check_circle_outline","style":"{\"color\":\"white\",\"bgcolor\":\"orange700\",\"padding\":{},\"side\":{},\"shape\":{},\"text_style\":{}}","text":"Finalizar"},{"t":"container","i":"_35","p":"_20","c":["_36"],"border":"{\"l\":{\"w\":1,\"c\":\"grey300\",\"sa\":null},\"t\":{\"w\":1,\"c\":\"grey300\",\"sa\":null},\"r\":{\"w\":1,\"c\":\"grey300\",\"sa\":null},\"b\":{\"w\":1,\"c\":\"grey300\",\"sa\":null}}","borderradius":"10","padding":"10"},{"t":"column","i":"_36","p":"_35","c":["_37","_38","_39","_42"],"n":"content"},{"t":"text","i":"_37","p":"_36","c":[],"size":"20","value":"Buscar Produtos","weight":"bold"},{"t":"divider","i":"_38","p":"_36","c":[]},{"t":"row","i":"_39","p":"_36","c":["_40","_41"]},{"t":"textfield","i":"_40","p":"_39","c":[],"bordercolor":"blue700","label":"Buscar Produto","suffixicon":"search","width":"300"},{"t":"elevatedbutton","i":"_41","p":"_39","c":[],"icon":"search","style":"{\"color\":\"white\",\"bgcolor\":\"blue700\",\"padding\":{},\"side\":{},\"shape\":{},\"text_style\":{}}","text":"Buscar"},{"t":"row","i":"_42","p":"_36","c":["_43","_45"],"verticalalignment":"start"},{"t":"container","i":"_43","p":"_42","c":["_44"],"border":"{\"l\":{\"w\":1,\"c\":\"grey300\",\"sa\":null},\"t\":{\"w\":1,\"c\":\"grey300\",\"sa\":null},\"r\":{\"w\":1,\"c\":\"grey300\",\"sa\":null},\"b\":{\"w\":1,\"c\":\"grey300\",\"sa\":null}}","borderradius":"5","height":"300","padding":"10","width":"450"},{"t":"column","i":"_44","p":"_43","c":[],"height":"150","n":"content","scroll":"auto","spacing":"5"},{"t":"container","i":"_45","p":"_42","c":["_46"],"alignment":"{\"x\":0,\"y\":0}","expand":"1","padding":"10"},{"t":"image","i":"_46","p":"_45","c":[],"borderradius":"{\"bl\":10,\"br\":10,\"tl\":10,\"tr\":10}","fit":"contain","height":"300","n":"content","visible":"false","width":"300"},{"t":"elevatedbutton","i":"_47","p":"_20","c":[],"height":"50","icon":"add_box","style":"{\"color\":\"white\",\"bgcolor\":\"blue700\",\"padding\":{\"default\":20},\"side\":{},\"shape\":{},\"text_style\":{}}","text":"Cadastrar Produtos","width":"200"}],"trimIDs":[]}}]}
2026-02-21 02:02:08,788 - DEBUG - _process_command: add [] {'to': '_1', 'at': '2'}
2026-02-21 02:02:08,788 - DEBUG - sent to TCP: 2886
2026-02-21 02:02:08,788 - DEBUG - __send: {"action":"pageControlsBatch","payload":[{"action":"addPageControls","payload":{"controls":[{"t":"alertdialog","i":"_48","p":"_1","c":["_49","_50","_67","_68"],"at":"2","actionsalignment":"spaceEvenly","modal":"true","open":"false","shape":"{\"radius\":15,\"type\":\"roundedRectangle\"}"},{"t":"text","i":"_49","p":"_48","c":[],"color":"blue800","n":"title","size":"24","textalign":"center","value":"FINALIZAR COMPRA","weight":"bold"},{"t":"container","i":"_50","p":"_48","c":["_51"],"n":"content","padding":"{\"l\":30,\"t\":20,\"r\":30,\"b\":20}","width":"600"},{"t":"column","i":"_51","p":"_50","c":["_52","_53","_54","_55","_56","_59","_64","_66"],"horizontalalignment":"center","n":"content","scroll":"auto","tight":"true"},{"t":"text","i":"_52","p":"_51","c":[],"color":"blue700","size":"15","textalign":"center","value":"ITENS DO CARRINHO","weight":"bold"},{"t":"divider","i":"_53","p":"_51","c":[],"color":"blue100","height":"2","thickness":"2"},{"t":"column","i":"_54","p":"_51","c":[],"scroll":"auto"},{"t":"divider","i":"_55","p":"_51","c":[],"color":"blue100","height":"2","thickness":"2"},{"t":"row","i":"_56","p":"_51","c":["_57","_58"],"alignment":"center"},{"t":"text","i":"_57","p":"_56","c":[],"color":"blue700","size":"20","value":"TOTAL:","weight":"bold"},{"t":"text","i":"_58","p":"_56","c":[],"size":"25","value":"R$ 0,00","weight":"bold"},{"t":"container","i":"_59","p":"_51","c":["_60"],"padding":"{\"l\":0,\"t\":10,\"r\":0,\"b\":10}"},{"t":"dropdown","i":"_60","p":"_59","c":["_61","_62","_63"],"bordercolor":"blue700","label":"Forma de Pagamento","n":"content","value":"dinheiro"},{"t":"dropdownoption","i":"_61","p":"_60","c":[],"key":"dinheiro","text":"Dinheiro"},{"t":"dropdownoption","i":"_62","p":"_60","c":[],"key":"cartao","text":"Cart\u00e3o"},{"t":"dropdownoption","i":"_63","p":"_60","c":[],"key":"pix","text":"PIX"},{"t":"container","i":"_64","p":"_51","c":["_65"],"padding":"{\"l\":0,\"t\":0,\"r\":0,\"b\":10}"},{"t":"textfield","i":"_65","p":"_64","c":[],"bordercolor":"blue700","label":"Valor Recebido","n":"content","onchange":"true","prefixtext":"R$ ","visible":"false"},{"t":"text","i":"_66","p":"_51","c":[],"size":"25","value":"Troco: R$ 0,00","visible":"false","weight":"bold"},{"t":"textbutton","i":"_67","p":"_48","c":[],"n":"action","style":"{\"color\":\"white\",\"bgcolor\":\"green700\",\"padding\":{\"default\":{\"l\":30,\"t\":15,\"r\":30,\"b\":15}},\"side\":{},\"shape\":{\"default\":{\"radius\":10,\"type\":\"roundedRectangle\"}},\"text_style\":{}}","text":"CONFIRMAR"},{"t":"textbutton","i":"_68","p":"_48","c":[],"n":"action","style":"{\"color\":\"white\",\"bgcolor\":\"red700\",\"padding\":{\"default\":{\"l\":30,\"t\":15,\"r\":30,\"b\":15}},\"side\":{},\"shape\":{\"default\":{\"radius\":10,\"type\":\"roundedRectangle\"}},\"text_style\":{}}","text":"CANCELAR"}],"trimIDs":[]}}]}
2026-02-21 02:02:08,792 - DEBUG - _process_command: add [] {'to': '_1', 'at': '3'}
2026-02-21 02:02:08,792 - DEBUG - __send: {"action":"pageControlsBatch","payload":[{"action":"addPageControls","payload":{"controls":[{"t":"alertdialog","i":"_69","p":"_1","c":["_70","_71","_82","_83"],"at":"3","actionsalignment":"spaceBetween","modal":"true","open":"false"},{"t":"text","i":"_70","p":"_69","c":[],"color":"blue800","n":"title","value":"Dados do Cart\u00e3o","weight":"bold"},{"t":"container","i":"_71","p":"_69","c":["_72"],"n":"content","padding":"20","width":"400"},{"t":"column","i":"_72","p":"_71","c":["_73","_74","_75","_76","_77","_81"],"n":"content","spacing":"15","tight":"true"},{"t":"text","i":"_73","p":"_72","c":[],"color":"blue800","size":"16","weight":"bold"},{"t":"divider","i":"_74","p":"_72","c":[]},{"t":"textfield","i":"_75","p":"_72","c":[],"bordercolor":"blue700","label":"Nome do Cliente","width":"400"},{"t":"text","i":"_76","p":"_72","c":[],"value":"Tipo de Opera\u00e7\u00e3o:","weight":"bold"},{"t":"radiogroup","i":"_77","p":"_72","c":["_78"],"value":"debito"},{"t":"row","i":"_78","p":"_77","c":["_79","_80"],"n":"content"},{"t":"radio","i":"_79","p":"_78","c":[],"label":"D\u00e9bito","value":"debito"},{"t":"radio","i":"_80","p":"_78","c":[],"label":"Cr\u00e9dito","value":"credito"},{"t":"textfield","i":"_81","p":"_72","c":[],"bordercolor":"blue700","disabled":"true","keyboardtype":"number","label":"Parcelas","value":"1","width":"100"},{"t":"textbutton","i":"_82","p":"_69","c":[],"n":"action","style":"{\"color\":\"white\",\"bgcolor\":\"green700\",\"padding\":{},\"side\":{},\"shape\":{},\"text_style\":{}}","text":"Confirmar"},{"t":"textbutton","i":"_83","p":"_69","c":[],"n":"action","style":"{\"color\":\"red700\",\"padding\":{},\"side\":{},\"shape\":{},\"text_style\":{}}","text":"Cancelar"}],"trimIDs":[]}}]}
2026-02-21 02:02:08,792 - DEBUG - sent to TCP: 4355
2026-02-21 02:02:08,794 - DEBUG - _process_command: add [] {'to': '_1', 'at': '4'}
2026-02-21 02:02:08,795 - DEBUG - __send: {"action":"pageControlsBatch","payload":[{"action":"addPageControls","payload":{"controls":[{"t":"alertdialog","i":"_84","p":"_1","c":["_85","_86"],"at":"4","actionsalignment":"end","modal":"true","open":"false"},{"t":"text","i":"_85","p":"_84","c":[],"n":"title"},{"t":"container","i":"_86","p":"_84","c":[],"n":"content"}],"trimIDs":[]}}]}
2026-02-21 02:02:08,795 - DEBUG - sent to TCP: 2839
2026-02-21 02:02:08,795 - DEBUG - sent to TCP: 1729
2026-02-21 02:02:08,795 - DEBUG - sent to TCP: 345
2026-02-21 02:02:08,798 - INFO - Busca realizada - 0 produtos encontrados
2026-02-21 02:02:08,805 - INFO - Busca realizada - 0 produtos encontrados
2026-02-21 02:02:08,920 - DEBUG - _on_message: {"action":"updateControlProps","payload":{"props":[{"i":"page","windowwidth":"1294.6666666666667","windowheight":"686.6666666666666","windowtop":"-7.333333333333333","windowleft":"-7.333333333333333","windowminimized":"false","windowmaximized":"true","windowfocused":"true","windowfullscreen":"false"}]}}
2026-02-21 02:02:08,920 - DEBUG - _on_message: {"action":"pageEventFromWeb","payload":{"eventTarget":"page","eventName":"window_event","eventData":"maximize"}}
2026-02-21 02:02:08,921 - DEBUG - page.on_event_async: page change [{"i":"page","windowwidth":"1294.6666666666667","windowheight":"686.6666666666666","windowtop":"-7.333333333333333","windowleft":"-7.333333333333333","windowminimized":"false","windowmaximized":"true","windowfocused":"true","windowfullscreen":"false"}]
2026-02-21 02:02:08,921 - DEBUG - page.on_event_async: page window_event maximize
2026-02-21 02:02:09,114 - DEBUG - _on_message: {"action":"updateControlProps","payload":{"props":[{"i":"page","width":"1280.0","height":"649.3333333333334","windowwidth":"1294.6666666666667","windowheight":"686.6666666666666","windowtop":"-7.333333333333333","windowleft":"-7.333333333333333","windowminimized":"false","windowmaximized":"true","windowfocused":"true","windowfullscreen":"false"}]}}
2026-02-21 02:02:09,114 - DEBUG - page.on_event_async: page change [{"i":"page","width":"1280.0","height":"649.3333333333334","windowwidth":"1294.6666666666667","windowheight":"686.6666666666666","windowtop":"-7.333333333333333","windowleft":"-7.333333333333333","windowminimized":"false","windowmaximized":"true","windowfocused":"true","windowfullscreen":"false"}]
2026-02-21 02:02:09,115 - DEBUG - _on_message: {"action":"pageEventFromWeb","payload":{"eventTarget":"page","eventName":"resized","eventData":"{\"width\":1280.0,\"height\":649.3333333333334}"}}
2026-02-21 02:02:09,115 - DEBUG - page.on_event_async: page resized {"width":1280.0,"height":649.3333333333334}
2026-02-21 02:02:20,303 - DEBUG - _on_message: {"action":"pageEventFromWeb","payload":{"eventTarget":"_12","eventName":"hover","eventData":"true"}}
2026-02-21 02:02:20,304 - DEBUG - page.on_event_async: _12 hover true
2026-02-21 02:02:20,329 - DEBUG - _on_message: {"action":"pageEventFromWeb","payload":{"eventTarget":"_12","eventName":"hover","eventData":"false"}}
2026-02-21 02:02:20,329 - DEBUG - page.on_event_async: _12 hover false
2026-02-21 02:02:20,353 - DEBUG - _on_message: {"action":"pageEventFromWeb","payload":{"eventTarget":"_11","eventName":"hover","eventData":"true"}}
2026-02-21 02:02:20,354 - DEBUG - page.on_event_async: _11 hover true
2026-02-21 02:02:20,713 - DEBUG - _on_message: {"action":"pageEventFromWeb","payload":{"eventTarget":"_11","eventName":"click","eventData":null}}
2026-02-21 02:02:20,713 - DEBUG - page.on_event_async: _11 click None
2026-02-21 02:02:20,714 - DEBUG - _process_command: clean ['page'] {}
2026-02-21 02:02:20,714 - DEBUG - __send: {"action":"cleanControl","payload":{"ids":["page"]}}
2026-02-21 02:02:20,716 - DEBUG - _process_command: add [] {'to': 'page', 'at': '0'}
2026-02-21 02:02:20,716 - DEBUG - _process_command: add [] {'to': 'page', 'at': '1'}
2026-02-21 02:02:20,716 - DEBUG - sent to TCP: 56
2026-02-21 02:02:20,717 - DEBUG - __send: {"action":"pageControlsBatch","payload":[{"action":"addPageControls","payload":{"controls":[{"t":"view","i":"_1","p":"page","c":["_2"],"at":"0","padding":"0","scroll":"auto"},{"t":"container","i":"_2","p":"_1","c":["_3"],"gradient":"{\"colors\":[\"#E30D78\",\"#0DEA83\",\"#c8ccdedc\"],\"tile_mode\":\"clamp\",\"begin\":{\"x\":-1,\"y\":-1},\"end\":{\"x\":1,\"y\":1},\"type\":\"linear\"}","height":"110","margin":"{\"l\":0,\"t\":0,\"r\":0,\"b\":25}","padding":"{\"l\":30,\"t\":5,\"r\":30,\"b\":5}","shadow":"{\"spread_radius\":1,\"blur_radius\":20,\"color\":\"#800d47a1\",\"offset\":{\"x\":0,\"y\":6},\"blur_style\":\"normal\"}"},{"t":"row","i":"_3","p":"_2","c":["_4","_10"],"alignment":"spaceBetween","n":"content","verticalalignment":"center"},{"t":"row","i":"_4","p":"_3","c":["_5","_7"],"alignment":"start","expand":"1","verticalalignment":"center"},{"t":"container","i":"_5","p":"_4","c":["_6"],"borderradius":"10","ink":"true","onclick":"true","padding":"{\"l\":0,\"t\":0,\"r\":15,\"b\":0}"},{"t":"image","i":"_6","p":"_5","c":[],"fit":"contain","height":"150","n":"content","src":"gata.png"},{"t":"column","i":"_7","p":"_4","c":["_8","_9"],"alignment":"center","spacing":"3"},{"t":"text","i":"_8","p":"_7","c":[],"color":"white","size":"30","value":"GRA\u00c7A PRESENTES","weight":"w800"},{"t":"text","i":"_9","p":"_7","c":[],"color":"white70","size":"16","value":"Sistema de gerenciamento de produtos"},{"t":"row","i":"_10","p":"_3","c":["_11","_12"],"alignment":"end","spacing":"15"},{"t":"iconbutton","i":"_11","p":"_10","c":[],"icon":"insert_chart_outlined_sharp","iconcolor":"white","iconsize":"40","style":"{\"overlay_color\":\"#0F0904FF\",\"padding\":{\"default\":15},\"side\":{},\"shape\":{\"default\":{\"radius\":10,\"type\":\"roundedRectangle\"}},\"text_style\":{}}","tooltip":"\"Relat\\u00f3rios\""},{"t":"iconbutton","i":"_12","p":"_10","c":[],"icon":"shopping_cart_checkout_outlined","iconcolor":"white","iconsize":"40","style":"{\"overlay_color\":\"#0E7676FF\",\"padding\":{\"default\":15},\"side\":{},\"shape\":{\"default\":{\"radius\":10,\"type\":\"roundedRectangle\"}},\"text_style\":{}}","tooltip":"\"Finalizar Compra\""}],"trimIDs":[]}},{"action":"addPageControls","payload":{"controls":[{"t":"offstage","i":"_13","p":"page","c":["_14","_15"],"at":"1"},{"t":"filepicker","i":"_14","p":"_13","c":[],"upload":"[]"},{"t":"datepicker","i":"_15","p":"_13","c":[],"currentdate":"2026-02-21T02:02:07.688763","firstdate":"2025-01-01","lastdate":"2026-02-21","open":"false","value":"2026-02-21"}],"trimIDs":[]}}]}
2026-02-21 02:02:20,718 - DEBUG - sent to TCP: 2533
2026-02-21 02:02:20,743 - DEBUG - _process_command: add [] {'to': '_1', 'at': '1'}
2026-02-21 02:02:20,744 - DEBUG - __send: {"action":"pageControlsBatch","payload":[{"action":"addPageControls","payload":{"controls":[{"t":"container","i":"_87","p":"_1","c":["_88"],"at":"1","padding":"20"},{"t":"column","i":"_88","p":"_87","c":["_89","_90","_103","_109","_110","_112","_113","_117","_118","_119","_121","_122"],"n":"content"},{"t":"text","i":"_89","p":"_88","c":[],"color":"blue600","size":"30","value":"\ud83d\udcca Dashboard de Vendas","weight":"bold"},{"t":"row","i":"_90","p":"_88","c":["_91","_95","_99"],"expand":"1"},{"t":"container","i":"_91","p":"_90","c":["_92"],"bgcolor":"blue50","borderradius":"15","expand":"1","padding":"20"},{"t":"column","i":"_92","p":"_91","c":["_93","_94"],"n":"content","spacing":"5"},{"t":"text","i":"_93","p":"_92","c":[],"color":"grey900","size":"16","value":"\ud83d\udcb0 Total Vendido","weight":"bold"},{"t":"text","i":"_94","p":"_92","c":[],"color":"blue600","size":"20","value":"R$ 0.00","weight":"bold"},{"t":"container","i":"_95","p":"_90","c":["_96"],"bgcolor":"blue50","borderradius":"15","expand":"1","padding":"20"},{"t":"column","i":"_96","p":"_95","c":["_97","_98"],"n":"content","spacing":"5"},{"t":"text","i":"_97","p":"_96","c":[],"color":"grey900","size":"16","value":"\ud83d\uded2 N\u00ba de Vendas","weight":"bold"},{"t":"text","i":"_98","p":"_96","c":[],"color":"blue600","size":"20","value":"0","weight":"bold"},{"t":"container","i":"_99","p":"_90","c":["_100"],"bgcolor":"blue50","borderradius":"15","expand":"1","padding":"20"},{"t":"column","i":"_100","p":"_99","c":["_101","_102"],"n":"content","spacing":"5"},{"t":"text","i":"_101","p":"_100","c":[],"color":"grey900","size":"16","value":"\ud83d\udcca Ticket M\u00e9dio","weight":"bold"},{"t":"text","i":"_102","p":"_100","c":[],"color":"blue600","size":"20","value":"R$ 0.00","weight":"bold"},{"t":"row","i":"_103","p":"_88","c":["_104","_105"],"expand":"1"},{"t":"text","i":"_104","p":"_103","c":[],"value":"Nenhuma venda registrada"},{"t":"container","i":"_105","p":"_103","c":["_106"],"alignment":"{\"x\":0,\"y\":0}","bgcolor":"blue50","borderradius":"15","expand":"1","height":"200","padding":"20"},{"t":"column","i":"_106","p":"_105","c":["_107","_108"],"alignment":"center","n":"content","spacing":"10"},{"t":"icon","i":"_107","p":"_106","c":[],"color":"grey400","name":"credit_card_off","size":"40"},{"t":"text","i":"_108","p":"_106","c":[],"color":"grey600","value":"Nenhuma venda com cart\u00e3o registrada"},{"t":"text","i":"_109","p":"_88","c":[],"value":"Nenhuma venda registrada"},{"t":"container","i":"_110","p":"_88","c":["_111"],"alignment":"{\"x\":0,\"y\":0}","bgcolor":"blue50","borderradius":"15","height":"300","padding":"20"},{"t":"text","i":"_111","p":"_110","c":[],"n":"content","value":"Nenhum produto vendido"},{"t":"divider","i":"_112","p":"_88","c":[]},{"t":"container","i":"_113","p":"_88","c":["_114"],"alignment":"{\"x\":0,\"y\":0}","height":"300"},{"t":"column","i":"_114","p":"_113","c":["_115","_116"],"alignment":"center","n":"content","spacing":"10"},{"t":"icon","i":"_115","p":"_114","c":[],"color":"grey400","name":"inventory_2","size":"40"},{"t":"text","i":"_116","p":"_114","c":[],"color":"grey600","italic":"true","size":"16","value":"Nenhum produto em estoque"},{"t":"divider","i":"_117","p":"_88","c":[]},{"t":"text","i":"_118","p":"_88","c":[],"color":"grey900","size":"25","value":"\ud83d\udcc6 Relat\u00f3rio por Data","weight":"bold"},{"t":"row","i":"_119","p":"_88","c":["_120"]},{"t":"elevatedbutton","i":"_120","p":"_119","c":[],"bgcolor":"blue600","style":"{\"color\":\"white\",\"bgcolor\":\"blue600\",\"padding\":{},\"side\":{},\"shape\":{},\"text_style\":{}}","text":"\ud83d\udcc5 Escolher data"},{"t":"column","i":"_121","p":"_88","c":[],"expand":"1"},{"t":"elevatedbutton","i":"_122","p":"_88","c":[],"height":"50","icon":"arrow_back","style":"{\"color\":\"white\",\"bgcolor\":\"grey700\",\"padding\":{\"default\":10},\"side\":{},\"shape\":{},\"text_style\":{}}","text":"Voltar P\u00e1gina Inicial","width":"200"}],"trimIDs":[]}}]}
2026-02-21 02:02:20,746 - DEBUG - sent to TCP: 3981
2026-02-21 02:02:21,000 - DEBUG - _on_message: {"action":"pageEventFromWeb","payload":{"eventTarget":"_11","eventName":"hover","eventData":"false"}}
2026-02-21 02:02:21,000 - DEBUG - page.on_event_async: _11 hover false
2026-02-21 02:02:28,681 - DEBUG - _on_message: {"action":"pageEventFromWeb","payload":{"eventTarget":"_5","eventName":"click","eventData":null}}
2026-02-21 02:02:28,681 - DEBUG - page.on_event_async: _5 click None
2026-02-21 02:02:28,682 - DEBUG - _process_command: clean ['page'] {}
2026-02-21 02:02:28,682 - DEBUG - __send: {"action":"cleanControl","payload":{"ids":["page"]}}
2026-02-21 02:02:28,683 - DEBUG - _process_command: add [] {'to': 'page', 'at': '0'}
2026-02-21 02:02:28,683 - DEBUG - _process_command: add [] {'to': 'page', 'at': '1'}
2026-02-21 02:02:28,683 - DEBUG - __send: {"action":"pageControlsBatch","payload":[{"action":"addPageControls","payload":{"controls":[{"t":"view","i":"_1","p":"page","c":["_2"],"at":"0","padding":"0","scroll":"auto"},{"t":"container","i":"_2","p":"_1","c":["_3"],"gradient":"{\"colors\":[\"#E30D78\",\"#0DEA83\",\"#c8ccdedc\"],\"tile_mode\":\"clamp\",\"begin\":{\"x\":-1,\"y\":-1},\"end\":{\"x\":1,\"y\":1},\"type\":\"linear\"}","height":"110","margin":"{\"l\":0,\"t\":0,\"r\":0,\"b\":25}","padding":"{\"l\":30,\"t\":5,\"r\":30,\"b\":5}","shadow":"{\"spread_radius\":1,\"blur_radius\":20,\"color\":\"#800d47a1\",\"offset\":{\"x\":0,\"y\":6},\"blur_style\":\"normal\"}"},{"t":"row","i":"_3","p":"_2","c":["_4","_10"],"alignment":"spaceBetween","n":"content","verticalalignment":"center"},{"t":"row","i":"_4","p":"_3","c":["_5","_7"],"alignment":"start","expand":"1","verticalalignment":"center"},{"t":"container","i":"_5","p":"_4","c":["_6"],"borderradius":"10","ink":"true","onclick":"true","padding":"{\"l\":0,\"t\":0,\"r\":15,\"b\":0}"},{"t":"image","i":"_6","p":"_5","c":[],"fit":"contain","height":"150","n":"content","src":"gata.png"},{"t":"column","i":"_7","p":"_4","c":["_8","_9"],"alignment":"center","spacing":"3"},{"t":"text","i":"_8","p":"_7","c":[],"color":"white","size":"30","value":"GRA\u00c7A PRESENTES","weight":"w800"},{"t":"text","i":"_9","p":"_7","c":[],"color":"white70","size":"16","value":"Sistema de gerenciamento de produtos"},{"t":"row","i":"_10","p":"_3","c":["_11","_12"],"alignment":"end","spacing":"15"},{"t":"iconbutton","i":"_11","p":"_10","c":[],"icon":"insert_chart_outlined_sharp","iconcolor":"white","iconsize":"40","style":"{\"overlay_color\":\"#0F0904FF\",\"padding\":{\"default\":15},\"side\":{},\"shape\":{\"default\":{\"radius\":10,\"type\":\"roundedRectangle\"}},\"text_style\":{}}","tooltip":"\"Relat\\u00f3rios\""},{"t":"iconbutton","i":"_12","p":"_10","c":[],"icon":"shopping_cart_checkout_outlined","iconcolor":"white","iconsize":"40","style":"{\"overlay_color\":\"#0E7676FF\",\"padding\":{\"default\":15},\"side\":{},\"shape\":{\"default\":{\"radius\":10,\"type\":\"roundedRectangle\"}},\"text_style\":{}}","tooltip":"\"Finalizar Compra\""}],"trimIDs":[]}},{"action":"addPageControls","payload":{"controls":[{"t":"offstage","i":"_13","p":"page","c":["_14","_15"],"at":"1"},{"t":"filepicker","i":"_14","p":"_13","c":[],"upload":"[]"},{"t":"datepicker","i":"_15","p":"_13","c":[],"currentdate":"2026-02-21T02:02:07.688763","firstdate":"2025-01-01","lastdate":"2026-02-21","open":"false","value":"2026-02-21"}],"trimIDs":[]}}]}
2026-02-21 02:02:28,683 - DEBUG - sent to TCP: 56
2026-02-21 02:02:28,683 - DEBUG - sent to TCP: 2533
2026-02-21 02:02:28,686 - DEBUG - _process_command: add [] {'to': '_1', 'at': '1'}
2026-02-21 02:02:28,687 - DEBUG - __send: {"action":"pageControlsBatch","payload":[{"action":"addPageControls","payload":{"controls":[{"t":"container","i":"_123","p":"_1","c":["_124"],"at":"1","padding":"20"},{"t":"column","i":"_124","p":"_123","c":["_18","_125"],"n":"content"},{"t":"text","i":"_18","p":"_124","c":[],"color":"green","size":"25"},{"t":"row","i":"_125","p":"_124","c":["_126"],"expand":"1"},{"t":"column","i":"_126","p":"_125","c":["_21","_35","_47"],"expand":"2"},{"t":"container","i":"_21","p":"_126","c":["_22"],"border":"{\"l\":{\"w\":1,\"c\":\"grey300\",\"sa\":null},\"t\":{\"w\":1,\"c\":\"grey300\",\"sa\":null},\"r\":{\"w\":1,\"c\":\"grey300\",\"sa\":null},\"b\":{\"w\":1,\"c\":\"grey300\",\"sa\":null}}","borderradius":"10","padding":"10"},{"t":"column","i":"_22","p":"_21","c":["_23","_25","_26","_30","_32"],"n":"content"},{"t":"container","i":"_23","p":"_22","c":["_24"],"padding":"10"},{"t":"text","i":"_24","p":"_23","c":[],"n":"content","size":"20","value":"Carrinho de Compras","weight":"bold"},{"t":"divider","i":"_25","p":"_22","c":[]},{"t":"row","i":"_26","p":"_22","c":["_27","_28","_29"],"spacing":"10"},{"t":"dropdown","i":"_27","p":"_26","c":[],"bordercolor":"blue700","label":"Produto","leadingicon":"shopping_bag","width":"300"},{"t":"textfield","i":"_28","p":"_26","c":[],"bordercolor":"blue700","label":"Quantidade","value":"1","width":"300"},{"t":"elevatedbutton","i":"_29","p":"_26","c":[],"icon":"add","style":"{\"color\":\"white\",\"bgcolor\":\"green700\",\"padding\":{\"default\":10},\"side\":{},\"shape\":{},\"text_style\":{}}","text":"Adicionar"},{"t":"container","i":"_30","p":"_22","c":["_31"],"border":"{\"l\":{\"w\":1,\"c\":\"grey300\",\"sa\":null},\"t\":{\"w\":1,\"c\":\"grey300\",\"sa\":null},\"r\":{\"w\":1,\"c\":\"grey300\",\"sa\":null},\"b\":{\"w\":1,\"c\":\"grey300\",\"sa\":null}}","borderradius":"5","height":"250","padding":"10"},{"t":"column","i":"_31","p":"_30","c":[],"height":"150","n":"content","scroll":"auto","spacing":"5"},{"t":"row","i":"_32","p":"_22","c":["_33","_34"],"alignment":"end","spacing":"10"},{"t":"elevatedbutton","i":"_33","p":"_32","c":[],"icon":"delete","style":"{\"color\":\"white\",\"bgcolor\":\"red700\",\"padding\":{},\"side\":{},\"shape\":{},\"text_style\":{}}","text":"Limpar"},{"t":"elevatedbutton","i":"_34","p":"_32","c":[],"icon":"check_circle_outline","style":"{\"color\":\"white\",\"bgcolor\":\"orange700\",\"padding\":{},\"side\":{},\"shape\":{},\"text_style\":{}}","text":"Finalizar"},{"t":"container","i":"_35","p":"_126","c":["_36"],"border":"{\"l\":{\"w\":1,\"c\":\"grey300\",\"sa\":null},\"t\":{\"w\":1,\"c\":\"grey300\",\"sa\":null},\"r\":{\"w\":1,\"c\":\"grey300\",\"sa\":null},\"b\":{\"w\":1,\"c\":\"grey300\",\"sa\":null}}","borderradius":"10","padding":"10"},{"t":"column","i":"_36","p":"_35","c":["_37","_38","_39","_42"],"n":"content"},{"t":"text","i":"_37","p":"_36","c":[],"size":"20","value":"Buscar Produtos","weight":"bold"},{"t":"divider","i":"_38","p":"_36","c":[]},{"t":"row","i":"_39","p":"_36","c":["_40","_41"]},{"t":"textfield","i":"_40","p":"_39","c":[],"bordercolor":"blue700","label":"Buscar Produto","suffixicon":"search","width":"300"},{"t":"elevatedbutton","i":"_41","p":"_39","c":[],"icon":"search","style":"{\"color\":\"white\",\"bgcolor\":\"blue700\",\"padding\":{},\"side\":{},\"shape\":{},\"text_style\":{}}","text":"Buscar"},{"t":"row","i":"_42","p":"_36","c":["_43","_45"],"verticalalignment":"start"},{"t":"container","i":"_43","p":"_42","c":["_44"],"border":"{\"l\":{\"w\":1,\"c\":\"grey300\",\"sa\":null},\"t\":{\"w\":1,\"c\":\"grey300\",\"sa\":null},\"r\":{\"w\":1,\"c\":\"grey300\",\"sa\":null},\"b\":{\"w\":1,\"c\":\"grey300\",\"sa\":null}}","borderradius":"5","height":"300","padding":"10","width":"450"},{"t":"column","i":"_44","p":"_43","c":[],"height":"150","n":"content","scroll":"auto","spacing":"5"},{"t":"container","i":"_45","p":"_42","c":["_46"],"alignment":"{\"x\":0,\"y\":0}","expand":"1","padding":"10"},{"t":"image","i":"_46","p":"_45","c":[],"borderradius":"{\"bl\":10,\"br\":10,\"tl\":10,\"tr\":10}","fit":"contain","height":"300","n":"content","visible":"false","width":"300"},{"t":"elevatedbutton","i":"_47","p":"_126","c":[],"height":"50","icon":"add_box","style":"{\"color\":\"white\",\"bgcolor\":\"blue700\",\"padding\":{\"default\":20},\"side\":{},\"shape\":{},\"text_style\":{}}","text":"Cadastrar Produtos","width":"200"}],"trimIDs":[]}}]}
2026-02-21 02:02:28,690 - DEBUG - _process_command: add [] {'to': '_1', 'at': '2'}
2026-02-21 02:02:28,690 - DEBUG - __send: {"action":"pageControlsBatch","payload":[{"action":"addPageControls","payload":{"controls":[{"t":"alertdialog","i":"_48","p":"_1","c":["_49","_50","_67","_68"],"at":"2","actionsalignment":"spaceEvenly","modal":"true","open":"false","shape":"{\"radius\":15,\"type\":\"roundedRectangle\"}"},{"t":"text","i":"_49","p":"_48","c":[],"color":"blue800","n":"title","size":"24","textalign":"center","value":"FINALIZAR COMPRA","weight":"bold"},{"t":"container","i":"_50","p":"_48","c":["_51"],"n":"content","padding":"{\"l\":30,\"t\":20,\"r\":30,\"b\":20}","width":"600"},{"t":"column","i":"_51","p":"_50","c":["_52","_53","_54","_55","_56","_59","_64","_66"],"horizontalalignment":"center","n":"content","scroll":"auto","tight":"true"},{"t":"text","i":"_52","p":"_51","c":[],"color":"blue700","size":"15","textalign":"center","value":"ITENS DO CARRINHO","weight":"bold"},{"t":"divider","i":"_53","p":"_51","c":[],"color":"blue100","height":"2","thickness":"2"},{"t":"column","i":"_54","p":"_51","c":[],"scroll":"auto"},{"t":"divider","i":"_55","p":"_51","c":[],"color":"blue100","height":"2","thickness":"2"},{"t":"row","i":"_56","p":"_51","c":["_57","_58"],"alignment":"center"},{"t":"text","i":"_57","p":"_56","c":[],"color":"blue700","size":"20","value":"TOTAL:","weight":"bold"},{"t":"text","i":"_58","p":"_56","c":[],"size":"25","value":"R$ 0,00","weight":"bold"},{"t":"container","i":"_59","p":"_51","c":["_60"],"padding":"{\"l\":0,\"t\":10,\"r\":0,\"b\":10}"},{"t":"dropdown","i":"_60","p":"_59","c":["_61","_62","_63"],"bordercolor":"blue700","label":"Forma de Pagamento","n":"content","value":"dinheiro"},{"t":"dropdownoption","i":"_61","p":"_60","c":[],"key":"dinheiro","text":"Dinheiro"},{"t":"dropdownoption","i":"_62","p":"_60","c":[],"key":"cartao","text":"Cart\u00e3o"},{"t":"dropdownoption","i":"_63","p":"_60","c":[],"key":"pix","text":"PIX"},{"t":"container","i":"_64","p":"_51","c":["_65"],"padding":"{\"l\":0,\"t\":0,\"r\":0,\"b\":10}"},{"t":"textfield","i":"_65","p":"_64","c":[],"bordercolor":"blue700","label":"Valor Recebido","n":"content","onchange":"true","prefixtext":"R$ ","visible":"false"},{"t":"text","i":"_66","p":"_51","c":[],"size":"25","value":"Troco: R$ 0,00","visible":"false","weight":"bold"},{"t":"textbutton","i":"_67","p":"_48","c":[],"n":"action","style":"{\"color\":\"white\",\"bgcolor\":\"green700\",\"padding\":{\"default\":{\"l\":30,\"t\":15,\"r\":30,\"b\":15}},\"side\":{},\"shape\":{\"default\":{\"radius\":10,\"type\":\"roundedRectangle\"}},\"text_style\":{}}","text":"CONFIRMAR"},{"t":"textbutton","i":"_68","p":"_48","c":[],"n":"action","style":"{\"color\":\"white\",\"bgcolor\":\"red700\",\"padding\":{\"default\":{\"l\":30,\"t\":15,\"r\":30,\"b\":15}},\"side\":{},\"shape\":{\"default\":{\"radius\":10,\"type\":\"roundedRectangle\"}},\"text_style\":{}}","text":"CANCELAR"}],"trimIDs":[]}}]}
2026-02-21 02:02:28,693 - DEBUG - _process_command: add [] {'to': '_1', 'at': '3'}
2026-02-21 02:02:28,693 - DEBUG - __send: {"action":"pageControlsBatch","payload":[{"action":"addPageControls","payload":{"controls":[{"t":"alertdialog","i":"_69","p":"_1","c":["_70","_71","_82","_83"],"at":"3","actionsalignment":"spaceBetween","modal":"true","open":"false"},{"t":"text","i":"_70","p":"_69","c":[],"color":"blue800","n":"title","value":"Dados do Cart\u00e3o","weight":"bold"},{"t":"container","i":"_71","p":"_69","c":["_72"],"n":"content","padding":"20","width":"400"},{"t":"column","i":"_72","p":"_71","c":["_73","_74","_75","_76","_77","_81"],"n":"content","spacing":"15","tight":"true"},{"t":"text","i":"_73","p":"_72","c":[],"color":"blue800","size":"16","weight":"bold"},{"t":"divider","i":"_74","p":"_72","c":[]},{"t":"textfield","i":"_75","p":"_72","c":[],"bordercolor":"blue700","label":"Nome do Cliente","width":"400"},{"t":"text","i":"_76","p":"_72","c":[],"value":"Tipo de Opera\u00e7\u00e3o:","weight":"bold"},{"t":"radiogroup","i":"_77","p":"_72","c":["_78"],"value":"debito"},{"t":"row","i":"_78","p":"_77","c":["_79","_80"],"n":"content"},{"t":"radio","i":"_79","p":"_78","c":[],"label":"D\u00e9bito","value":"debito"},{"t":"radio","i":"_80","p":"_78","c":[],"label":"Cr\u00e9dito","value":"credito"},{"t":"textfield","i":"_81","p":"_72","c":[],"bordercolor":"blue700","disabled":"true","keyboardtype":"number","label":"Parcelas","value":"1","width":"100"},{"t":"textbutton","i":"_82","p":"_69","c":[],"n":"action","style":"{\"color\":\"white\",\"bgcolor\":\"green700\",\"padding\":{},\"side\":{},\"shape\":{},\"text_style\":{}}","text":"Confirmar"},{"t":"textbutton","i":"_83","p":"_69","c":[],"n":"action","style":"{\"color\":\"red700\",\"padding\":{},\"side\":{},\"shape\":{},\"text_style\":{}}","text":"Cancelar"}],"trimIDs":[]}}]}
2026-02-21 02:02:28,693 - DEBUG - sent to TCP: 4369
2026-02-21 02:02:28,695 - DEBUG - _process_command: add [] {'to': '_1', 'at': '4'}
2026-02-21 02:02:28,695 - DEBUG - __send: {"action":"pageControlsBatch","payload":[{"action":"addPageControls","payload":{"controls":[{"t":"alertdialog","i":"_84","p":"_1","c":["_85","_86"],"at":"4","actionsalignment":"end","modal":"true","open":"false"},{"t":"text","i":"_85","p":"_84","c":[],"n":"title"},{"t":"container","i":"_86","p":"_84","c":[],"n":"content"}],"trimIDs":[]}}]}
2026-02-21 02:02:28,698 - DEBUG - sent to TCP: 2839
2026-02-21 02:02:28,698 - DEBUG - sent to TCP: 1729
2026-02-21 02:02:28,698 - DEBUG - sent to TCP: 345
2026-02-21 02:02:31,082 - DEBUG - _on_message: {"action":"pageEventFromWeb","payload":{"eventTarget":"page","eventName":"app_lifecycle_state_change","eventData":"inactive"}}
2026-02-21 02:02:31,083 - DEBUG - page.on_event_async: page app_lifecycle_state_change inactive
2026-02-21 02:02:31,086 - DEBUG - _on_message: {"action":"updateControlProps","payload":{"props":[{"i":"page","windowwidth":"1294.6666666666667","windowheight":"686.6666666666666","windowtop":"-7.333333333333333","windowleft":"-7.333333333333333","windowminimized":"false","windowmaximized":"true","windowfocused":"false","windowfullscreen":"false"}]}}
2026-02-21 02:02:31,086 - DEBUG - page.on_event_async: page change [{"i":"page","windowwidth":"1294.6666666666667","windowheight":"686.6666666666666","windowtop":"-7.333333333333333","windowleft":"-7.333333333333333","windowminimized":"false","windowmaximized":"true","windowfocused":"false","windowfullscreen":"false"}]
2026-02-21 02:02:31,086 - DEBUG - _on_message: {"action":"pageEventFromWeb","payload":{"eventTarget":"page","eventName":"window_event","eventData":"blur"}}
2026-02-21 02:02:31,086 - DEBUG - page.on_event_async: page window_event blur
2026-02-21 02:02:35,055 - DEBUG - _on_message: {"action":"pageEventFromWeb","payload":{"eventTarget":"page","eventName":"app_lifecycle_state_change","eventData":"resume"}}
2026-02-21 02:02:35,055 - DEBUG - page.on_event_async: page app_lifecycle_state_change resume
2026-02-21 02:02:35,057 - DEBUG - _on_message: {"action":"updateControlProps","payload":{"props":[{"i":"page","windowwidth":"1294.6666666666667","windowheight":"686.6666666666666","windowtop":"-7.333333333333333","windowleft":"-7.333333333333333","windowminimized":"false","windowmaximized":"true","windowfocused":"true","windowfullscreen":"false"}]}}
2026-02-21 02:02:35,058 - DEBUG - page.on_event_async: page change [{"i":"page","windowwidth":"1294.6666666666667","windowheight":"686.6666666666666","windowtop":"-7.333333333333333","windowleft":"-7.333333333333333","windowminimized":"false","windowmaximized":"true","windowfocused":"true","windowfullscreen":"false"}]
2026-02-21 02:02:35,058 - DEBUG - _on_message: {"action":"pageEventFromWeb","payload":{"eventTarget":"page","eventName":"window_event","eventData":"focus"}}
2026-02-21 02:02:35,058 - DEBUG - page.on_event_async: page window_event focus
2026-02-21 02:02:36,683 - DEBUG - _on_message: {"action":"pageEventFromWeb","payload":{"eventTarget":"page","eventName":"app_lifecycle_state_change","eventData":"inactive"}}
2026-02-21 02:02:36,683 - DEBUG - page.on_event_async: page app_lifecycle_state_change inactive
2026-02-21 02:02:36,687 - DEBUG - _on_message: {"action":"updateControlProps","payload":{"props":[{"i":"page","windowwidth":"1294.6666666666667","windowheight":"686.6666666666666","windowtop":"-7.333333333333333","windowleft":"-7.333333333333333","windowminimized":"false","windowmaximized":"true","windowfocused":"false","windowfullscreen":"false"}]}}
2026-02-21 02:02:36,687 - DEBUG - page.on_event_async: page change [{"i":"page","windowwidth":"1294.6666666666667","windowheight":"686.6666666666666","windowtop":"-7.333333333333333","windowleft":"-7.333333333333333","windowminimized":"false","windowmaximized":"true","windowfocused":"false","windowfullscreen":"false"}]
2026-02-21 02:02:36,687 - DEBUG - _on_message: {"action":"pageEventFromWeb","payload":{"eventTarget":"page","eventName":"window_event","eventData":"blur"}}
2026-02-21 02:02:36,687 - DEBUG - page.on_event_async: page window_event blur
2026-02-21 02:02:37,755 - DEBUG - _on_message: {"action":"pageEventFromWeb","payload":{"eventTarget":"page","eventName":"app_lifecycle_state_change","eventData":"hide"}}
2026-02-21 02:02:37,755 - DEBUG - page.on_event_async: page app_lifecycle_state_change hide
2026-02-21 02:02:37,902 - DEBUG - Flet View process 12852
2026-02-21 02:02:37,902 - DEBUG - Closing connection...
2026-02-21 02:02:37,902 - DEBUG - Disconnecting all pages...
2026-02-21 02:02:37,902 - DEBUG - page.on_event_async: page disconnect 
2026-02-21 02:02:37,902 - DEBUG - Shutting down thread pool...
2026-02-21 02:02:38,971 - DEBUG - _on_message: {"action":"pageEventFromWeb","payload":{"eventTarget":"page","eventName":"app_lifecycle_state_change","eventData":"hide"}}
2026-02-21 02:02:38,971 - DEBUG - page.on_event_async: page app_lifecycle_state_change hide
2026-02-21 02:02:39,113 - DEBUG - Flet View process 17412
2026-02-21 02:02:39,113 - DEBUG - Closing connection...
2026-02-21 02:02:39,113 - DEBUG - Disconnecting all pages...
2026-02-21 02:02:39,113 - DEBUG - page.on_event_async: page disconnect 
2026-02-21 02:02:39,113 - DEBUG - Shutting down thread pool...
